This file contains any messages produced by compilers while
running configure, to aid debugging if configure makes a mistake.

It was created by GStreamer Bad Plug-ins configure 1.0.9, which was
generated by GNU Autoconf 2.69.  Invocation command line was

  $ ./configure --enable-maintainer-mode --enable-gtk-doc

## --------- ##
## Platform. ##
## --------- ##

hostname = ns2
uname -m = i686
uname -r = 3.4.9-x86-smp
uname -s = Linux
uname -v = #1 SMP PREEMPT Sat Aug 18 16:18:05 SAST 2012

/usr/bin/uname -p = unknown
/bin/uname -X     = unknown

/bin/arch              = i686
/usr/bin/arch -k       = unknown
/usr/convex/getsysinfo = unknown
/usr/bin/hostinfo      = unknown
/bin/machine           = unknown
/usr/bin/oslevel       = unknown
/bin/universe          = unknown

PATH: /usr/local/sbin
PATH: /usr/sbin
PATH: /sbin
PATH: /usr/local/bin
PATH: /usr/bin
PATH: /bin
PATH: /usr/X11R7/bin
PATH: /opt/sophos/bin


## ----------- ##
## Core tests. ##
## ----------- ##

configure:4372: checking build system type
configure:4386: result: i686-pc-linux-gnu
configure:4406: checking host system type
configure:4419: result: i686-pc-linux-gnu
configure:4439: checking target system type
configure:4452: result: i686-pc-linux-gnu
configure:4498: checking for a BSD-compatible install
configure:4566: result: /usr/bin/ginstall -c
configure:4577: checking whether build environment is sane
configure:4632: result: yes
configure:4783: checking for a thread-safe mkdir -p
configure:4822: result: /usr/bin/mkdir -p
configure:4829: checking for gawk
configure:4845: found /usr/bin/gawk
configure:4856: result: gawk
configure:4867: checking whether make sets $(MAKE)
configure:4889: result: yes
configure:4918: checking whether make supports nested variables
configure:4935: result: yes
configure:5024: checking whether UID '0' is supported by ustar format
configure:5027: result: yes
configure:5034: checking whether GID '0' is supported by ustar format
configure:5037: result: yes
configure:5045: checking how to create a ustar tar archive
configure:5056: tar --version
tar (GNU tar) 1.26
Copyright (C) 2011 Free Software Foundation, Inc.
License GPLv3+: GNU GPL version 3 or later <http://gnu.org/licenses/gpl.html>.
This is free software: you are free to change and redistribute it.
There is NO WARRANTY, to the extent permitted by law.

Written by John Gilmore and Jay Fenlason.
configure:5059: $? = 0
configure:5099: tardir=conftest.dir && eval tar --format=ustar -chf - "$tardir" >conftest.tar
configure:5102: $? = 0
configure:5106: tar -xf - <conftest.tar
configure:5109: $? = 0
configure:5111: cat conftest.dir/file
GrepMe
configure:5114: $? = 0
configure:5127: result: gnutar
configure:5188: checking nano version
configure:5194: result: 0 (release)
configure:5220: checking whether to enable maintainer-specific portions of Makefiles
configure:5229: result: yes
configure:5256: checking whether make supports nested variables
configure:5273: result: yes
configure:5347: checking how to print strings
configure:5374: result: printf
configure:5407: checking for style of include used by make
configure:5435: result: GNU
configure:5506: checking for gcc
configure:5522: found /usr/bin/gcc
configure:5533: result: gcc
configure:5762: checking for C compiler version
configure:5771: gcc --version >&5
gcc (GCC) 4.8.1 20130530 (prerelease)
Copyright (C) 2013 Free Software Foundation, Inc.
This is free software; see the source for copying conditions.  There is NO
warranty; not even for MERCHANTABILITY or FITNESS FOR A PARTICULAR PURPOSE.

configure:5782: $? = 0
configure:5771: gcc -v >&5
Using built-in specs.
COLLECT_GCC=gcc
COLLECT_LTO_WRAPPER=/usr/libexec/gcc/i686-linux-gnu/4.8.1/lto-wrapper
Target: i686-linux-gnu
Configured with: ./../configure --prefix=/usr --sysconfdir=/etc/ --mandir=/usr/share/man --localstatedir=/var --infodir=/usr/share/info --libdir=/usr/lib --host=i686-linux-gnu --build=i686-linux-gnu --with-ecj-jar=/usr/share/java/ecj-3.5.2.jar --enable-lto --enable-cloog-backend=isl --enable-java-home --with-system-zlib --target=i686-linux-gnu --with-sysroot=/ --with-jvm-root-dir=/usr/lib/jvm/gcj-jdk --enable-languages=c,c++,fortran,java,lto,objc,obj-c++,go,ada
Thread model: posix
gcc version 4.8.1 20130530 (prerelease) (GCC) 
configure:5782: $? = 0
configure:5771: gcc -V >&5
gcc: error: unrecognized command line option '-V'
gcc: fatal error: no input files
compilation terminated.
configure:5782: $? = 1
configure:5771: gcc -qversion >&5
gcc: error: unrecognized command line option '-qversion'
gcc: fatal error: no input files
compilation terminated.
configure:5782: $? = 1
configure:5802: checking whether the C compiler works
configure:5824: gcc    conftest.c  >&5
configure:5828: $? = 0
configure:5876: result: yes
configure:5879: checking for C compiler default output file name
configure:5881: result: a.out
configure:5887: checking for suffix of executables
configure:5894: gcc -o conftest    conftest.c  >&5
configure:5898: $? = 0
configure:5920: result: 
configure:5942: checking whether we are cross compiling
configure:5950: gcc -o conftest    conftest.c  >&5
configure:5954: $? = 0
configure:5961: ./conftest
configure:5965: $? = 0
configure:5980: result: no
configure:5985: checking for suffix of object files
configure:6007: gcc -c   conftest.c >&5
configure:6011: $? = 0
configure:6032: result: o
configure:6036: checking whether we are using the GNU C compiler
configure:6055: gcc -c   conftest.c >&5
configure:6055: $? = 0
configure:6064: result: yes
configure:6073: checking whether gcc accepts -g
configure:6093: gcc -c -g  conftest.c >&5
configure:6093: $? = 0
configure:6134: result: yes
configure:6151: checking for gcc option to accept ISO C89
configure:6214: gcc  -c -g -O2  conftest.c >&5
configure:6214: $? = 0
configure:6227: result: none needed
configure:6252: checking whether gcc understands -c and -o together
configure:6274: gcc -c conftest.c -o conftest2.o
configure:6277: $? = 0
configure:6274: gcc -c conftest.c -o conftest2.o
configure:6277: $? = 0
configure:6289: result: yes
configure:6308: checking dependency style of gcc
configure:6419: result: gcc3
configure:6434: checking for a sed that does not truncate output
configure:6498: result: /usr/bin/sed
configure:6516: checking for grep that handles long lines and -e
configure:6574: result: /usr/bin/grep
configure:6579: checking for egrep
configure:6641: result: /usr/bin/grep -E
configure:6646: checking for fgrep
configure:6708: result: /usr/bin/grep -F
configure:6743: checking for ld used by gcc
configure:6810: result: /usr/i686-linux-gnu/bin/ld
configure:6817: checking if the linker (/usr/i686-linux-gnu/bin/ld) is GNU ld
configure:6832: result: yes
configure:6844: checking for BSD- or MS-compatible name lister (nm)
configure:6893: result: /usr/bin/nm -B
configure:7023: checking the name lister (/usr/bin/nm -B) interface
configure:7030: gcc -c -g -O2  conftest.c >&5
configure:7033: /usr/bin/nm -B "conftest.o"
configure:7036: output
00000000 B some_variable
configure:7043: result: BSD nm
configure:7046: checking whether ln -s works
configure:7050: result: yes
configure:7058: checking the maximum length of command line arguments
configure:7188: result: 1572864
configure:7205: checking whether the shell understands some XSI constructs
configure:7215: result: yes
configure:7219: checking whether the shell understands "+="
configure:7225: result: yes
configure:7260: checking how to convert i686-pc-linux-gnu file names to i686-pc-linux-gnu format
configure:7300: result: func_convert_file_noop
configure:7307: checking how to convert i686-pc-linux-gnu file names to toolchain format
configure:7327: result: func_convert_file_noop
configure:7334: checking for /usr/i686-linux-gnu/bin/ld option to reload object files
configure:7341: result: -r
configure:7415: checking for objdump
configure:7431: found /usr/bin/objdump
configure:7442: result: objdump
configure:7471: checking how to recognize dependent libraries
configure:7673: result: pass_all
configure:7758: checking for dlltool
configure:7788: result: no
configure:7815: checking how to associate runtime and link libraries
configure:7842: result: printf %s\n
configure:7903: checking for ar
configure:7919: found /usr/bin/ar
configure:7930: result: ar
configure:7967: checking for archiver @FILE support
configure:7984: gcc -c -g -O2  conftest.c >&5
configure:7984: $? = 0
configure:7987: ar cru libconftest.a @conftest.lst >&5
configure:7990: $? = 0
configure:7995: ar cru libconftest.a @conftest.lst >&5
ar: conftest.o: No such file or directory
configure:7998: $? = 1
configure:8010: result: @
configure:8068: checking for strip
configure:8084: found /usr/bin/strip
configure:8095: result: strip
configure:8167: checking for ranlib
configure:8183: found /usr/bin/ranlib
configure:8194: result: ranlib
configure:8296: checking command to parse /usr/bin/nm -B output from gcc object
configure:8416: gcc -c -g -O2  conftest.c >&5
configure:8419: $? = 0
configure:8423: /usr/bin/nm -B conftest.o \| sed -n -e 's/^.*[ ]\([ABCDGIRSTW][ABCDGIRSTW]*\)[ ][ ]*\([_A-Za-z][_A-Za-z0-9]*\)$/\1 \2 \2/p' | sed '/ __gnu_lto/d' \> conftest.nm
configure:8426: $? = 0
configure:8492: gcc -o conftest -g -O2   conftest.c conftstm.o >&5
configure:8495: $? = 0
configure:8533: result: ok
configure:8570: checking for sysroot
configure:8600: result: no
configure:8856: checking for mt
configure:8872: found /usr/bin/mt
configure:8883: result: mt
configure:8906: checking if mt is a manifest tool
configure:8912: mt '-?'
usage: mt [-v] [--version] [-h] [ -f device ] command [ count ]
configure:8920: result: no
configure:9562: checking how to run the C preprocessor
configure:9593: gcc -E  conftest.c
configure:9593: $? = 0
configure:9607: gcc -E  conftest.c
conftest.c:12:28: fatal error: ac_nonexistent.h: No such file or directory
 #include <ac_nonexistent.h>
                            ^
compilation terminated.
configure:9607: $? = 1
configure: failed program was:
| /* confdefs.h */
| #define PACKAGE_NAME "GStreamer Bad Plug-ins"
| #define PACKAGE_TARNAME "gst-plugins-bad"
| #define PACKAGE_VERSION "1.0.9"
| #define PACKAGE_STRING "GStreamer Bad Plug-ins 1.0.9"
| #define PACKAGE_BUGREPORT "http://bugzilla.gnome.org/enter_bug.cgi?product=GStreamer"
| #define PACKAGE_URL ""
| #define PACKAGE "gst-plugins-bad"
| #define VERSION "1.0.9"
| #define GST_API_VERSION "1.0"
| /* end confdefs.h.  */
| #include <ac_nonexistent.h>
configure:9632: result: gcc -E
configure:9652: gcc -E  conftest.c
configure:9652: $? = 0
configure:9666: gcc -E  conftest.c
conftest.c:12:28: fatal error: ac_nonexistent.h: No such file or directory
 #include <ac_nonexistent.h>
                            ^
compilation terminated.
configure:9666: $? = 1
configure: failed program was:
| /* confdefs.h */
| #define PACKAGE_NAME "GStreamer Bad Plug-ins"
| #define PACKAGE_TARNAME "gst-plugins-bad"
| #define PACKAGE_VERSION "1.0.9"
| #define PACKAGE_STRING "GStreamer Bad Plug-ins 1.0.9"
| #define PACKAGE_BUGREPORT "http://bugzilla.gnome.org/enter_bug.cgi?product=GStreamer"
| #define PACKAGE_URL ""
| #define PACKAGE "gst-plugins-bad"
| #define VERSION "1.0.9"
| #define GST_API_VERSION "1.0"
| /* end confdefs.h.  */
| #include <ac_nonexistent.h>
configure:9695: checking for ANSI C header files
configure:9715: gcc -c -g -O2  conftest.c >&5
configure:9715: $? = 0
configure:9788: gcc -o conftest -g -O2   conftest.c  >&5
configure:9788: $? = 0
configure:9788: ./conftest
configure:9788: $? = 0
configure:9799: result: yes
configure:9812: checking for sys/types.h
configure:9812: gcc -c -g -O2  conftest.c >&5
configure:9812: $? = 0
configure:9812: result: yes
configure:9812: checking for sys/stat.h
configure:9812: gcc -c -g -O2  conftest.c >&5
configure:9812: $? = 0
configure:9812: result: yes
configure:9812: checking for stdlib.h
configure:9812: gcc -c -g -O2  conftest.c >&5
configure:9812: $? = 0
configure:9812: result: yes
configure:9812: checking for string.h
configure:9812: gcc -c -g -O2  conftest.c >&5
configure:9812: $? = 0
configure:9812: result: yes
configure:9812: checking for memory.h
configure:9812: gcc -c -g -O2  conftest.c >&5
configure:9812: $? = 0
configure:9812: result: yes
configure:9812: checking for strings.h
configure:9812: gcc -c -g -O2  conftest.c >&5
configure:9812: $? = 0
configure:9812: result: yes
configure:9812: checking for inttypes.h
configure:9812: gcc -c -g -O2  conftest.c >&5
configure:9812: $? = 0
configure:9812: result: yes
configure:9812: checking for stdint.h
configure:9812: gcc -c -g -O2  conftest.c >&5
configure:9812: $? = 0
configure:9812: result: yes
configure:9812: checking for unistd.h
configure:9812: gcc -c -g -O2  conftest.c >&5
configure:9812: $? = 0
configure:9812: result: yes
configure:9826: checking for dlfcn.h
configure:9826: gcc -c -g -O2  conftest.c >&5
configure:9826: $? = 0
configure:9826: result: yes
configure:10346: checking for objdir
configure:10361: result: .libs
configure:10632: checking if gcc supports -fno-rtti -fno-exceptions
configure:10650: gcc -c -g -O2  -fno-rtti -fno-exceptions conftest.c >&5
cc1: warning: command line option '-fno-rtti' is valid for C++/ObjC++ but not for C [enabled by default]
configure:10654: $? = 0
configure:10667: result: no
configure:10994: checking for gcc option to produce PIC
configure:11001: result: -fPIC -DPIC
configure:11009: checking if gcc PIC flag -fPIC -DPIC works
configure:11027: gcc -c -g -O2  -fPIC -DPIC -DPIC conftest.c >&5
configure:11031: $? = 0
configure:11044: result: yes
configure:11073: checking if gcc static flag -static works
configure:11101: result: yes
configure:11116: checking if gcc supports -c -o file.o
configure:11137: gcc -c -g -O2  -o out/conftest2.o conftest.c >&5
configure:11141: $? = 0
configure:11163: result: yes
configure:11171: checking if gcc supports -c -o file.o
configure:11218: result: yes
configure:11251: checking whether the gcc linker (/usr/i686-linux-gnu/bin/ld) supports shared libraries
configure:12404: result: yes
configure:12441: checking whether -lc should be explicitly linked in
configure:12449: gcc -c -g -O2  conftest.c >&5
configure:12452: $? = 0
configure:12467: gcc -shared  -fPIC -DPIC conftest.o  -v -Wl,-soname -Wl,conftest -o conftest 2\>\&1 \| /usr/bin/grep  -lc  \>/dev/null 2\>\&1
configure:12470: $? = 0
configure:12484: result: no
configure:12644: checking dynamic linker characteristics
configure:13155: gcc -o conftest -g -O2   -Wl,-rpath -Wl,/foo conftest.c  >&5
configure:13155: $? = 0
configure:13377: result: GNU/Linux ld.so
configure:13484: checking how to hardcode library paths into programs
configure:13509: result: immediate
configure:13603: checking for shl_load
configure:13603: gcc -o conftest -g -O2   conftest.c  >&5
/tmp/cc3UKuzO.o: In function `main':
/usr/src/gst-plugins-bad/gst-plugins-bad/conftest.c:58: undefined reference to `shl_load'
collect2: error: ld returned 1 exit status
configure:13603: $? = 1
configure: failed program was:
| /* confdefs.h */
| #define PACKAGE_NAME "GStreamer Bad Plug-ins"
| #define PACKAGE_TARNAME "gst-plugins-bad"
| #define PACKAGE_VERSION "1.0.9"
| #define PACKAGE_STRING "GStreamer Bad Plug-ins 1.0.9"
| #define PACKAGE_BUGREPORT "http://bugzilla.gnome.org/enter_bug.cgi?product=GStreamer"
| #define PACKAGE_URL ""
| #define PACKAGE "gst-plugins-bad"
| #define VERSION "1.0.9"
| #define GST_API_VERSION "1.0"
| #define STDC_HEADERS 1
| #define HAVE_SYS_TYPES_H 1
| #define HAVE_SYS_STAT_H 1
| #define HAVE_STDLIB_H 1
| #define HAVE_STRING_H 1
| #define HAVE_MEMORY_H 1
| #define HAVE_STRINGS_H 1
| #define HAVE_INTTYPES_H 1
| #define HAVE_STDINT_H 1
| #define HAVE_UNISTD_H 1
| #define HAVE_DLFCN_H 1
| #define LT_OBJDIR ".libs/"
| /* end confdefs.h.  */
| /* Define shl_load to an innocuous variant, in case <limits.h> declares shl_load.
|    For example, HP-UX 11i <limits.h> declares gettimeofday.  */
| #define shl_load innocuous_shl_load
| 
| /* System header to define __stub macros and hopefully few prototypes,
|     which can conflict with char shl_load (); below.
|     Prefer <limits.h> to <assert.h> if __STDC__ is defined, since
|     <limits.h> exists even on freestanding compilers.  */
| 
| #ifdef __STDC__
| # include <limits.h>
| #else
| # include <assert.h>
| #endif
| 
| #undef shl_load
| 
| /* Override any GCC internal prototype to avoid an error.
|    Use char because int might match the return type of a GCC
|    builtin and then its argument prototype would still apply.  */
| #ifdef __cplusplus
| extern "C"
| #endif
| char shl_load ();
| /* The GNU C library defines this for functions which it implements
|     to always fail with ENOSYS.  Some functions are actually named
|     something starting with __ and the normal name is an alias.  */
| #if defined __stub_shl_load || defined __stub___shl_load
| choke me
| #endif
| 
| int
| main ()
| {
| return shl_load ();
|   ;
|   return 0;
| }
configure:13603: result: no
configure:13607: checking for shl_load in -ldld
configure:13632: gcc -o conftest -g -O2   conftest.c -ldld   >&5
/usr/lib/gcc/i686-linux-gnu/4.8.1/../../../../i686-linux-gnu/bin/ld: cannot find -ldld
collect2: error: ld returned 1 exit status
configure:13632: $? = 1
configure: failed program was:
| /* confdefs.h */
| #define PACKAGE_NAME "GStreamer Bad Plug-ins"
| #define PACKAGE_TARNAME "gst-plugins-bad"
| #define PACKAGE_VERSION "1.0.9"
| #define PACKAGE_STRING "GStreamer Bad Plug-ins 1.0.9"
| #define PACKAGE_BUGREPORT "http://bugzilla.gnome.org/enter_bug.cgi?product=GStreamer"
| #define PACKAGE_URL ""
| #define PACKAGE "gst-plugins-bad"
| #define VERSION "1.0.9"
| #define GST_API_VERSION "1.0"
| #define STDC_HEADERS 1
| #define HAVE_SYS_TYPES_H 1
| #define HAVE_SYS_STAT_H 1
| #define HAVE_STDLIB_H 1
| #define HAVE_STRING_H 1
| #define HAVE_MEMORY_H 1
| #define HAVE_STRINGS_H 1
| #define HAVE_INTTYPES_H 1
| #define HAVE_STDINT_H 1
| #define HAVE_UNISTD_H 1
| #define HAVE_DLFCN_H 1
| #define LT_OBJDIR ".libs/"
| /* end confdefs.h.  */
| 
| /* Override any GCC internal prototype to avoid an error.
|    Use char because int might match the return type of a GCC
|    builtin and then its argument prototype would still apply.  */
| #ifdef __cplusplus
| extern "C"
| #endif
| char shl_load ();
| int
| main ()
| {
| return shl_load ();
|   ;
|   return 0;
| }
configure:13641: result: no
configure:13646: checking for dlopen
configure:13646: gcc -o conftest -g -O2   conftest.c  >&5
/tmp/cchvpx1S.o: In function `main':
/usr/src/gst-plugins-bad/gst-plugins-bad/conftest.c:58: undefined reference to `dlopen'
collect2: error: ld returned 1 exit status
configure:13646: $? = 1
configure: failed program was:
| /* confdefs.h */
| #define PACKAGE_NAME "GStreamer Bad Plug-ins"
| #define PACKAGE_TARNAME "gst-plugins-bad"
| #define PACKAGE_VERSION "1.0.9"
| #define PACKAGE_STRING "GStreamer Bad Plug-ins 1.0.9"
| #define PACKAGE_BUGREPORT "http://bugzilla.gnome.org/enter_bug.cgi?product=GStreamer"
| #define PACKAGE_URL ""
| #define PACKAGE "gst-plugins-bad"
| #define VERSION "1.0.9"
| #define GST_API_VERSION "1.0"
| #define STDC_HEADERS 1
| #define HAVE_SYS_TYPES_H 1
| #define HAVE_SYS_STAT_H 1
| #define HAVE_STDLIB_H 1
| #define HAVE_STRING_H 1
| #define HAVE_MEMORY_H 1
| #define HAVE_STRINGS_H 1
| #define HAVE_INTTYPES_H 1
| #define HAVE_STDINT_H 1
| #define HAVE_UNISTD_H 1
| #define HAVE_DLFCN_H 1
| #define LT_OBJDIR ".libs/"
| /* end confdefs.h.  */
| /* Define dlopen to an innocuous variant, in case <limits.h> declares dlopen.
|    For example, HP-UX 11i <limits.h> declares gettimeofday.  */
| #define dlopen innocuous_dlopen
| 
| /* System header to define __stub macros and hopefully few prototypes,
|     which can conflict with char dlopen (); below.
|     Prefer <limits.h> to <assert.h> if __STDC__ is defined, since
|     <limits.h> exists even on freestanding compilers.  */
| 
| #ifdef __STDC__
| # include <limits.h>
| #else
| # include <assert.h>
| #endif
| 
| #undef dlopen
| 
| /* Override any GCC internal prototype to avoid an error.
|    Use char because int might match the return type of a GCC
|    builtin and then its argument prototype would still apply.  */
| #ifdef __cplusplus
| extern "C"
| #endif
| char dlopen ();
| /* The GNU C library defines this for functions which it implements
|     to always fail with ENOSYS.  Some functions are actually named
|     something starting with __ and the normal name is an alias.  */
| #if defined __stub_dlopen || defined __stub___dlopen
| choke me
| #endif
| 
| int
| main ()
| {
| return dlopen ();
|   ;
|   return 0;
| }
configure:13646: result: no
configure:13650: checking for dlopen in -ldl
configure:13675: gcc -o conftest -g -O2   conftest.c -ldl   >&5
configure:13675: $? = 0
configure:13684: result: yes
configure:13803: checking whether a program can dlopen itself
configure:13883: gcc -o conftest -g -O2  -DHAVE_DLFCN_H  -Wl,--export-dynamic conftest.c -ldl  >&5
configure:13886: $? = 0
configure:13904: result: yes
configure:13909: checking whether a statically linked program can dlopen itself
configure:13989: gcc -o conftest -g -O2  -DHAVE_DLFCN_H  -Wl,--export-dynamic -static conftest.c -ldl  >&5
/tmp/ccIRyVa6.o: In function `main':
/usr/src/gst-plugins-bad/gst-plugins-bad/configure:13968: warning: Using 'dlopen' in statically linked applications requires at runtime the shared libraries from the glibc version used for linking
/usr/lib/gcc/i686-linux-gnu/4.8.1/../../../../i686-linux-gnu/bin/ld: dynamic STT_GNU_IFUNC symbol `strcmp' with pointer equality in `/usr/lib/gcc/i686-linux-gnu/4.8.1/../../../libc.a(strcmp.o)' can not be used when making an executable; recompile with -fPIE and relink with -pie
collect2: error: ld returned 1 exit status
configure:13992: $? = 1
configure:14010: result: no
configure:14049: checking whether stripping libraries is possible
configure:14054: result: yes
configure:14089: checking if libtool supports shared libraries
configure:14091: result: yes
configure:14094: checking whether to build shared libraries
configure:14115: result: yes
configure:14118: checking whether to build static libraries
configure:14122: result: no
configure:14235: checking whether NLS is requested
configure:14244: result: yes
configure:14285: checking for msgfmt
configure: trying /usr/bin/msgfmt...
0 translated messages.
configure:14317: result: /usr/bin/msgfmt
configure:14326: checking for gmsgfmt
configure:14357: result: /usr/bin/msgfmt
configure:14408: checking for xgettext
configure: trying /usr/bin/xgettext...
/usr/bin/xgettext: warning: file '/dev/null' extension '' is unknown; will try C
configure:14440: result: /usr/bin/xgettext
configure:14486: checking for msgmerge
configure: trying /usr/bin/msgmerge...
configure:14517: result: /usr/bin/msgmerge
configure:14574: checking for ld used by GCC
configure:14638: result: /usr/i686-linux-gnu/bin/ld
configure:14645: checking if the linker (/usr/i686-linux-gnu/bin/ld) is GNU ld
configure:14658: result: yes
configure:14665: checking for shared library run path origin
configure:14678: result: done
configure:15179: checking for CFPreferencesCopyAppValue
configure:15197: gcc -o conftest -g -O2   conftest.c  -Wl,-framework -Wl,CoreFoundation >&5
conftest.c:24:42: fatal error: CoreFoundation/CFPreferences.h: No such file or directory
 #include <CoreFoundation/CFPreferences.h>
                                          ^
compilation terminated.
configure:15197: $? = 1
configure: failed program was:
| /* confdefs.h */
| #define PACKAGE_NAME "GStreamer Bad Plug-ins"
| #define PACKAGE_TARNAME "gst-plugins-bad"
| #define PACKAGE_VERSION "1.0.9"
| #define PACKAGE_STRING "GStreamer Bad Plug-ins 1.0.9"
| #define PACKAGE_BUGREPORT "http://bugzilla.gnome.org/enter_bug.cgi?product=GStreamer"
| #define PACKAGE_URL ""
| #define PACKAGE "gst-plugins-bad"
| #define VERSION "1.0.9"
| #define GST_API_VERSION "1.0"
| #define STDC_HEADERS 1
| #define HAVE_SYS_TYPES_H 1
| #define HAVE_SYS_STAT_H 1
| #define HAVE_STDLIB_H 1
| #define HAVE_STRING_H 1
| #define HAVE_MEMORY_H 1
| #define HAVE_STRINGS_H 1
| #define HAVE_INTTYPES_H 1
| #define HAVE_STDINT_H 1
| #define HAVE_UNISTD_H 1
| #define HAVE_DLFCN_H 1
| #define LT_OBJDIR ".libs/"
| /* end confdefs.h.  */
| #include <CoreFoundation/CFPreferences.h>
| int
| main ()
| {
| CFPreferencesCopyAppValue(NULL, NULL)
|   ;
|   return 0;
| }
configure:15206: result: no
configure:15213: checking for CFLocaleCopyCurrent
configure:15231: gcc -o conftest -g -O2   conftest.c  -Wl,-framework -Wl,CoreFoundation >&5
conftest.c:24:37: fatal error: CoreFoundation/CFLocale.h: No such file or directory
 #include <CoreFoundation/CFLocale.h>
                                     ^
compilation terminated.
configure:15231: $? = 1
configure: failed program was:
| /* confdefs.h */
| #define PACKAGE_NAME "GStreamer Bad Plug-ins"
| #define PACKAGE_TARNAME "gst-plugins-bad"
| #define PACKAGE_VERSION "1.0.9"
| #define PACKAGE_STRING "GStreamer Bad Plug-ins 1.0.9"
| #define PACKAGE_BUGREPORT "http://bugzilla.gnome.org/enter_bug.cgi?product=GStreamer"
| #define PACKAGE_URL ""
| #define PACKAGE "gst-plugins-bad"
| #define VERSION "1.0.9"
| #define GST_API_VERSION "1.0"
| #define STDC_HEADERS 1
| #define HAVE_SYS_TYPES_H 1
| #define HAVE_SYS_STAT_H 1
| #define HAVE_STDLIB_H 1
| #define HAVE_STRING_H 1
| #define HAVE_MEMORY_H 1
| #define HAVE_STRINGS_H 1
| #define HAVE_INTTYPES_H 1
| #define HAVE_STDINT_H 1
| #define HAVE_UNISTD_H 1
| #define HAVE_DLFCN_H 1
| #define LT_OBJDIR ".libs/"
| /* end confdefs.h.  */
| #include <CoreFoundation/CFLocale.h>
| int
| main ()
| {
| CFLocaleCopyCurrent();
|   ;
|   return 0;
| }
configure:15240: result: no
configure:15289: checking for GNU gettext in libc
configure:15309: gcc -o conftest -g -O2   conftest.c  >&5
configure:15309: $? = 0
configure:15318: result: yes
configure:16064: checking whether to use NLS
configure:16066: result: yes
configure:16069: checking where the gettext function comes from
configure:16080: result: libc
configure:16278: checking for pkg-config
configure:16296: found /usr/bin/pkg-config
configure:16308: result: /usr/bin/pkg-config
configure:16333: checking pkg-config is at least version 0.9.0
configure:16336: result: yes
configure:16362: checking for VALGRIND
configure:16370: $PKG_CONFIG --exists --print-errors "valgrind >= $VALGRIND_REQ"
Package valgrind was not found in the pkg-config search path.
Perhaps you should add the directory containing `valgrind.pc'
to the PKG_CONFIG_PATH environment variable
No package 'valgrind' found
configure:16373: $? = 1
configure:16388: $PKG_CONFIG --exists --print-errors "valgrind >= $VALGRIND_REQ"
Package valgrind was not found in the pkg-config search path.
Perhaps you should add the directory containing `valgrind.pc'
to the PKG_CONFIG_PATH environment variable
No package 'valgrind' found
configure:16391: $? = 1
No package 'valgrind' found
configure:16419: result: no
configure:16632: Using GStreamer Bad Plug-ins source release as package name
configure:16656: Using Unknown package origin as package origin
configure:16687: *** checking feature: building of plug-ins with external deps ***
configure:16748: building external plug-ins
configure:16791: *** checking feature: building of experimental plug-ins ***
configure:16868: not building experimental plug-ins
configure:17105: checking whether byte ordering is bigendian
configure:17120: gcc -c -g -O2  conftest.c >&5
conftest.c:35:9: error: unknown type name 'not'
         not a universal capable compiler
         ^
conftest.c:35:15: error: expected '=', ',', ';', 'asm' or '__attribute__' before 'universal'
         not a universal capable compiler
               ^
conftest.c:35:15: error: unknown type name 'universal'
configure:17120: $? = 1
configure: failed program was:
| /* confdefs.h */
| #define PACKAGE_NAME "GStreamer Bad Plug-ins"
| #define PACKAGE_TARNAME "gst-plugins-bad"
| #define PACKAGE_VERSION "1.0.9"
| #define PACKAGE_STRING "GStreamer Bad Plug-ins 1.0.9"
| #define PACKAGE_BUGREPORT "http://bugzilla.gnome.org/enter_bug.cgi?product=GStreamer"
| #define PACKAGE_URL ""
| #define PACKAGE "gst-plugins-bad"
| #define VERSION "1.0.9"
| #define GST_API_VERSION "1.0"
| #define STDC_HEADERS 1
| #define HAVE_SYS_TYPES_H 1
| #define HAVE_SYS_STAT_H 1
| #define HAVE_STDLIB_H 1
| #define HAVE_STRING_H 1
| #define HAVE_MEMORY_H 1
| #define HAVE_STRINGS_H 1
| #define HAVE_INTTYPES_H 1
| #define HAVE_STDINT_H 1
| #define HAVE_UNISTD_H 1
| #define HAVE_DLFCN_H 1
| #define LT_OBJDIR ".libs/"
| #define ENABLE_NLS 1
| #define HAVE_GETTEXT 1
| #define HAVE_DCGETTEXT 1
| #define GETTEXT_PACKAGE "gst-plugins-bad-1.0"
| #define LOCALEDIR "/usr/local/share/locale"
| #define GST_PACKAGE_NAME "GStreamer Bad Plug-ins source release"
| #define GST_PACKAGE_ORIGIN "Unknown package origin"
| #define HAVE_EXTERNAL /**/
| #define HAVE_CPU_I386 1
| #define HAVE_RDTSC 1
| /* end confdefs.h.  */
| #ifndef __APPLE_CC__
| 	       not a universal capable compiler
| 	     #endif
| 	     typedef int dummy;
| 
configure:17165: gcc -c -g -O2  conftest.c >&5
configure:17165: $? = 0
configure:17183: gcc -c -g -O2  conftest.c >&5
conftest.c: In function 'main':
conftest.c:41:4: error: unknown type name 'not'
    not big endian
    ^
conftest.c:41:12: error: expected '=', ',', ';', 'asm' or '__attribute__' before 'endian'
    not big endian
            ^
configure:17183: $? = 1
configure: failed program was:
| /* confdefs.h */
| #define PACKAGE_NAME "GStreamer Bad Plug-ins"
| #define PACKAGE_TARNAME "gst-plugins-bad"
| #define PACKAGE_VERSION "1.0.9"
| #define PACKAGE_STRING "GStreamer Bad Plug-ins 1.0.9"
| #define PACKAGE_BUGREPORT "http://bugzilla.gnome.org/enter_bug.cgi?product=GStreamer"
| #define PACKAGE_URL ""
| #define PACKAGE "gst-plugins-bad"
| #define VERSION "1.0.9"
| #define GST_API_VERSION "1.0"
| #define STDC_HEADERS 1
| #define HAVE_SYS_TYPES_H 1
| #define HAVE_SYS_STAT_H 1
| #define HAVE_STDLIB_H 1
| #define HAVE_STRING_H 1
| #define HAVE_MEMORY_H 1
| #define HAVE_STRINGS_H 1
| #define HAVE_INTTYPES_H 1
| #define HAVE_STDINT_H 1
| #define HAVE_UNISTD_H 1
| #define HAVE_DLFCN_H 1
| #define LT_OBJDIR ".libs/"
| #define ENABLE_NLS 1
| #define HAVE_GETTEXT 1
| #define HAVE_DCGETTEXT 1
| #define GETTEXT_PACKAGE "gst-plugins-bad-1.0"
| #define LOCALEDIR "/usr/local/share/locale"
| #define GST_PACKAGE_NAME "GStreamer Bad Plug-ins source release"
| #define GST_PACKAGE_ORIGIN "Unknown package origin"
| #define HAVE_EXTERNAL /**/
| #define HAVE_CPU_I386 1
| #define HAVE_RDTSC 1
| /* end confdefs.h.  */
| #include <sys/types.h>
| 		#include <sys/param.h>
| 
| int
| main ()
| {
| #if BYTE_ORDER != BIG_ENDIAN
| 		 not big endian
| 		#endif
| 
|   ;
|   return 0;
| }
configure:17311: result: no
configure:17455: checking whether byte ordering is bigendian
configure:17661: result: no
configure:17729: checking for gcc
configure:17756: result: gcc
configure:17985: checking for C compiler version
configure:17994: gcc --version >&5
gcc (GCC) 4.8.1 20130530 (prerelease)
Copyright (C) 2013 Free Software Foundation, Inc.
This is free software; see the source for copying conditions.  There is NO
warranty; not even for MERCHANTABILITY or FITNESS FOR A PARTICULAR PURPOSE.

configure:18005: $? = 0
configure:17994: gcc -v >&5
Using built-in specs.
COLLECT_GCC=gcc
COLLECT_LTO_WRAPPER=/usr/libexec/gcc/i686-linux-gnu/4.8.1/lto-wrapper
Target: i686-linux-gnu
Configured with: ./../configure --prefix=/usr --sysconfdir=/etc/ --mandir=/usr/share/man --localstatedir=/var --infodir=/usr/share/info --libdir=/usr/lib --host=i686-linux-gnu --build=i686-linux-gnu --with-ecj-jar=/usr/share/java/ecj-3.5.2.jar --enable-lto --enable-cloog-backend=isl --enable-java-home --with-system-zlib --target=i686-linux-gnu --with-sysroot=/ --with-jvm-root-dir=/usr/lib/jvm/gcj-jdk --enable-languages=c,c++,fortran,java,lto,objc,obj-c++,go,ada
Thread model: posix
gcc version 4.8.1 20130530 (prerelease) (GCC) 
configure:18005: $? = 0
configure:17994: gcc -V >&5
gcc: error: unrecognized command line option '-V'
gcc: fatal error: no input files
compilation terminated.
configure:18005: $? = 1
configure:17994: gcc -qversion >&5
gcc: error: unrecognized command line option '-qversion'
gcc: fatal error: no input files
compilation terminated.
configure:18005: $? = 1
configure:18009: checking whether we are using the GNU C compiler
configure:18037: result: yes
configure:18046: checking whether gcc accepts -g
configure:18107: result: yes
configure:18124: checking for gcc option to accept ISO C89
configure:18200: result: none needed
configure:18225: checking whether gcc understands -c and -o together
configure:18262: result: yes
configure:18281: checking dependency style of gcc
configure:18392: result: gcc3
configure:18411: checking for gcc option to accept ISO C99
configure:18560: gcc  -c -g -O2  conftest.c >&5
conftest.c:86:29: error: expected ';', ',' or ')' before 'text'
 test_restrict (ccp restrict text)
                             ^
conftest.c: In function 'main':
conftest.c:140:18: error: expected '=', ',', ';', 'asm' or '__attribute__' before 'newvar'
   char *restrict newvar = "Another string";
                  ^
conftest.c:140:18: error: 'newvar' undeclared (first use in this function)
conftest.c:140:18: note: each undeclared identifier is reported only once for each function it appears in
conftest.c:150:3: error: 'for' loop initial declarations are only allowed in C99 mode
   for (int i = 0; i < ia->datasize; ++i)
   ^
conftest.c:150:3: note: use option -std=c99 or -std=gnu99 to compile your code
configure:18560: $? = 1
configure: failed program was:
| /* confdefs.h */
| #define PACKAGE_NAME "GStreamer Bad Plug-ins"
| #define PACKAGE_TARNAME "gst-plugins-bad"
| #define PACKAGE_VERSION "1.0.9"
| #define PACKAGE_STRING "GStreamer Bad Plug-ins 1.0.9"
| #define PACKAGE_BUGREPORT "http://bugzilla.gnome.org/enter_bug.cgi?product=GStreamer"
| #define PACKAGE_URL ""
| #define PACKAGE "gst-plugins-bad"
| #define VERSION "1.0.9"
| #define GST_API_VERSION "1.0"
| #define STDC_HEADERS 1
| #define HAVE_SYS_TYPES_H 1
| #define HAVE_SYS_STAT_H 1
| #define HAVE_STDLIB_H 1
| #define HAVE_STRING_H 1
| #define HAVE_MEMORY_H 1
| #define HAVE_STRINGS_H 1
| #define HAVE_INTTYPES_H 1
| #define HAVE_STDINT_H 1
| #define HAVE_UNISTD_H 1
| #define HAVE_DLFCN_H 1
| #define LT_OBJDIR ".libs/"
| #define ENABLE_NLS 1
| #define HAVE_GETTEXT 1
| #define HAVE_DCGETTEXT 1
| #define GETTEXT_PACKAGE "gst-plugins-bad-1.0"
| #define LOCALEDIR "/usr/local/share/locale"
| #define GST_PACKAGE_NAME "GStreamer Bad Plug-ins source release"
| #define GST_PACKAGE_ORIGIN "Unknown package origin"
| #define HAVE_EXTERNAL /**/
| #define HAVE_CPU_I386 1
| #define HAVE_RDTSC 1
| #define HOST_CPU "i686"
| #define TARGET_CPU "i686"
| /* end confdefs.h.  */
| #include <stdarg.h>
| #include <stdbool.h>
| #include <stdlib.h>
| #include <wchar.h>
| #include <stdio.h>
| 
| // Check varargs macros.  These examples are taken from C99 6.10.3.5.
| #define debug(...) fprintf (stderr, __VA_ARGS__)
| #define showlist(...) puts (#__VA_ARGS__)
| #define report(test,...) ((test) ? puts (#test) : printf (__VA_ARGS__))
| static void
| test_varargs_macros (void)
| {
|   int x = 1234;
|   int y = 5678;
|   debug ("Flag");
|   debug ("X = %d\n", x);
|   showlist (The first, second, and third items.);
|   report (x>y, "x is %d but y is %d", x, y);
| }
| 
| // Check long long types.
| #define BIG64 18446744073709551615ull
| #define BIG32 4294967295ul
| #define BIG_OK (BIG64 / BIG32 == 4294967297ull && BIG64 % BIG32 == 0)
| #if !BIG_OK
|   your preprocessor is broken;
| #endif
| #if BIG_OK
| #else
|   your preprocessor is broken;
| #endif
| static long long int bignum = -9223372036854775807LL;
| static unsigned long long int ubignum = BIG64;
| 
| struct incomplete_array
| {
|   int datasize;
|   double data[];
| };
| 
| struct named_init {
|   int number;
|   const wchar_t *name;
|   double average;
| };
| 
| typedef const char *ccp;
| 
| static inline int
| test_restrict (ccp restrict text)
| {
|   // See if C++-style comments work.
|   // Iterate through items via the restricted pointer.
|   // Also check for declarations in for loops.
|   for (unsigned int i = 0; *(text+i) != '\0'; ++i)
|     continue;
|   return 0;
| }
| 
| // Check varargs and va_copy.
| static void
| test_varargs (const char *format, ...)
| {
|   va_list args;
|   va_start (args, format);
|   va_list args_copy;
|   va_copy (args_copy, args);
| 
|   const char *str;
|   int number;
|   float fnumber;
| 
|   while (*format)
|     {
|       switch (*format++)
| 	{
| 	case 's': // string
| 	  str = va_arg (args_copy, const char *);
| 	  break;
| 	case 'd': // int
| 	  number = va_arg (args_copy, int);
| 	  break;
| 	case 'f': // float
| 	  fnumber = va_arg (args_copy, double);
| 	  break;
| 	default:
| 	  break;
| 	}
|     }
|   va_end (args_copy);
|   va_end (args);
| }
| 
| int
| main ()
| {
| 
|   // Check bool.
|   _Bool success = false;
| 
|   // Check restrict.
|   if (test_restrict ("String literal") == 0)
|     success = true;
|   char *restrict newvar = "Another string";
| 
|   // Check varargs.
|   test_varargs ("s, d' f .", "string", 65, 34.234);
|   test_varargs_macros ();
| 
|   // Check flexible array members.
|   struct incomplete_array *ia =
|     malloc (sizeof (struct incomplete_array) + (sizeof (double) * 10));
|   ia->datasize = 10;
|   for (int i = 0; i < ia->datasize; ++i)
|     ia->data[i] = i * 1.234;
| 
|   // Check named initializers.
|   struct named_init ni = {
|     .number = 34,
|     .name = L"Test wide string",
|     .average = 543.34343,
|   };
| 
|   ni.number = 58;
| 
|   int dynamic_array[ni.number];
|   dynamic_array[ni.number - 1] = 543;
| 
|   // work around unused variable warnings
|   return (!success || bignum == 0LL || ubignum == 0uLL || newvar[0] == 'x'
| 	  || dynamic_array[ni.number - 1] != 543);
| 
|   ;
|   return 0;
| }
configure:18560: gcc -std=gnu99 -c -g -O2  conftest.c >&5
configure:18560: $? = 0
configure:18580: result: -std=gnu99
configure:18681: checking for gcc -std=gnu99 option to accept ISO Standard C
configure:18695: result: -std=gnu99
configure:18758: checking for g++
configure:18774: found /usr/bin/g++
configure:18785: result: g++
configure:18812: checking for C++ compiler version
configure:18821: g++ --version >&5
g++ (GCC) 4.8.1 20130530 (prerelease)
Copyright (C) 2013 Free Software Foundation, Inc.
This is free software; see the source for copying conditions.  There is NO
warranty; not even for MERCHANTABILITY or FITNESS FOR A PARTICULAR PURPOSE.

configure:18832: $? = 0
configure:18821: g++ -v >&5
Using built-in specs.
COLLECT_GCC=g++
COLLECT_LTO_WRAPPER=/usr/libexec/gcc/i686-linux-gnu/4.8.1/lto-wrapper
Target: i686-linux-gnu
Configured with: ./../configure --prefix=/usr --sysconfdir=/etc/ --mandir=/usr/share/man --localstatedir=/var --infodir=/usr/share/info --libdir=/usr/lib --host=i686-linux-gnu --build=i686-linux-gnu --with-ecj-jar=/usr/share/java/ecj-3.5.2.jar --enable-lto --enable-cloog-backend=isl --enable-java-home --with-system-zlib --target=i686-linux-gnu --with-sysroot=/ --with-jvm-root-dir=/usr/lib/jvm/gcj-jdk --enable-languages=c,c++,fortran,java,lto,objc,obj-c++,go,ada
Thread model: posix
gcc version 4.8.1 20130530 (prerelease) (GCC) 
configure:18832: $? = 0
configure:18821: g++ -V >&5
g++: error: unrecognized command line option '-V'
g++: fatal error: no input files
compilation terminated.
configure:18832: $? = 1
configure:18821: g++ -qversion >&5
g++: error: unrecognized command line option '-qversion'
g++: fatal error: no input files
compilation terminated.
configure:18832: $? = 1
configure:18836: checking whether we are using the GNU C++ compiler
configure:18855: g++ -c   conftest.cpp >&5
configure:18855: $? = 0
configure:18864: result: yes
configure:18873: checking whether g++ accepts -g
configure:18893: g++ -c -g  conftest.cpp >&5
configure:18893: $? = 0
configure:18934: result: yes
configure:18959: checking dependency style of g++
configure:19070: result: gcc3
configure:19103: checking how to run the C++ preprocessor
configure:19130: g++ -E  conftest.cpp
configure:19130: $? = 0
configure:19144: g++ -E  conftest.cpp
conftest.cpp:36:28: fatal error: ac_nonexistent.h: No such file or directory
 #include <ac_nonexistent.h>
                            ^
compilation terminated.
configure:19144: $? = 1
configure: failed program was:
| /* confdefs.h */
| #define PACKAGE_NAME "GStreamer Bad Plug-ins"
| #define PACKAGE_TARNAME "gst-plugins-bad"
| #define PACKAGE_VERSION "1.0.9"
| #define PACKAGE_STRING "GStreamer Bad Plug-ins 1.0.9"
| #define PACKAGE_BUGREPORT "http://bugzilla.gnome.org/enter_bug.cgi?product=GStreamer"
| #define PACKAGE_URL ""
| #define PACKAGE "gst-plugins-bad"
| #define VERSION "1.0.9"
| #define GST_API_VERSION "1.0"
| #define STDC_HEADERS 1
| #define HAVE_SYS_TYPES_H 1
| #define HAVE_SYS_STAT_H 1
| #define HAVE_STDLIB_H 1
| #define HAVE_STRING_H 1
| #define HAVE_MEMORY_H 1
| #define HAVE_STRINGS_H 1
| #define HAVE_INTTYPES_H 1
| #define HAVE_STDINT_H 1
| #define HAVE_UNISTD_H 1
| #define HAVE_DLFCN_H 1
| #define LT_OBJDIR ".libs/"
| #define ENABLE_NLS 1
| #define HAVE_GETTEXT 1
| #define HAVE_DCGETTEXT 1
| #define GETTEXT_PACKAGE "gst-plugins-bad-1.0"
| #define LOCALEDIR "/usr/local/share/locale"
| #define GST_PACKAGE_NAME "GStreamer Bad Plug-ins source release"
| #define GST_PACKAGE_ORIGIN "Unknown package origin"
| #define HAVE_EXTERNAL /**/
| #define HAVE_CPU_I386 1
| #define HAVE_RDTSC 1
| #define HOST_CPU "i686"
| #define TARGET_CPU "i686"
| /* end confdefs.h.  */
| #include <ac_nonexistent.h>
configure:19169: result: g++ -E
configure:19189: g++ -E  conftest.cpp
configure:19189: $? = 0
configure:19203: g++ -E  conftest.cpp
conftest.cpp:36:28: fatal error: ac_nonexistent.h: No such file or directory
 #include <ac_nonexistent.h>
                            ^
compilation terminated.
configure:19203: $? = 1
configure: failed program was:
| /* confdefs.h */
| #define PACKAGE_NAME "GStreamer Bad Plug-ins"
| #define PACKAGE_TARNAME "gst-plugins-bad"
| #define PACKAGE_VERSION "1.0.9"
| #define PACKAGE_STRING "GStreamer Bad Plug-ins 1.0.9"
| #define PACKAGE_BUGREPORT "http://bugzilla.gnome.org/enter_bug.cgi?product=GStreamer"
| #define PACKAGE_URL ""
| #define PACKAGE "gst-plugins-bad"
| #define VERSION "1.0.9"
| #define GST_API_VERSION "1.0"
| #define STDC_HEADERS 1
| #define HAVE_SYS_TYPES_H 1
| #define HAVE_SYS_STAT_H 1
| #define HAVE_STDLIB_H 1
| #define HAVE_STRING_H 1
| #define HAVE_MEMORY_H 1
| #define HAVE_STRINGS_H 1
| #define HAVE_INTTYPES_H 1
| #define HAVE_STDINT_H 1
| #define HAVE_UNISTD_H 1
| #define HAVE_DLFCN_H 1
| #define LT_OBJDIR ".libs/"
| #define ENABLE_NLS 1
| #define HAVE_GETTEXT 1
| #define HAVE_DCGETTEXT 1
| #define GETTEXT_PACKAGE "gst-plugins-bad-1.0"
| #define LOCALEDIR "/usr/local/share/locale"
| #define GST_PACKAGE_NAME "GStreamer Bad Plug-ins source release"
| #define GST_PACKAGE_ORIGIN "Unknown package origin"
| #define HAVE_EXTERNAL /**/
| #define HAVE_CPU_I386 1
| #define HAVE_RDTSC 1
| #define HOST_CPU "i686"
| #define TARGET_CPU "i686"
| /* end confdefs.h.  */
| #include <ac_nonexistent.h>
configure:19372: checking for ld used by g++
configure:19439: result: /usr/i686-linux-gnu/bin/ld
configure:19446: checking if the linker (/usr/i686-linux-gnu/bin/ld) is GNU ld
configure:19461: result: yes
configure:19516: checking whether the g++ linker (/usr/i686-linux-gnu/bin/ld) supports shared libraries
configure:20521: result: yes
configure:20557: g++ -c   conftest.cpp >&5
configure:20560: $? = 0
configure:21080: checking for g++ option to produce PIC
configure:21087: result: -fPIC -DPIC
configure:21095: checking if g++ PIC flag -fPIC -DPIC works
configure:21113: g++ -c   -fPIC -DPIC -DPIC conftest.cpp >&5
configure:21117: $? = 0
configure:21130: result: yes
configure:21153: checking if g++ static flag -static works
configure:21181: result: yes
configure:21193: checking if g++ supports -c -o file.o
configure:21214: g++ -c   -o out/conftest2.o conftest.cpp >&5
configure:21218: $? = 0
configure:21240: result: yes
configure:21245: checking if g++ supports -c -o file.o
configure:21292: result: yes
configure:21322: checking whether the g++ linker (/usr/i686-linux-gnu/bin/ld) supports shared libraries
configure:21358: result: yes
configure:21499: checking dynamic linker characteristics
configure:22166: result: GNU/Linux ld.so
configure:22219: checking how to hardcode library paths into programs
configure:22244: result: immediate
configure:22286: checking for g++
configure:22302: found /usr/bin/g++
configure:22314: result: yes
configure:22377: checking for gcc
configure:22393: found /usr/bin/gcc
configure:22404: result: gcc
configure:22429: checking for Objective C compiler version
configure:22438: gcc --version >&5
gcc (GCC) 4.8.1 20130530 (prerelease)
Copyright (C) 2013 Free Software Foundation, Inc.
This is free software; see the source for copying conditions.  There is NO
warranty; not even for MERCHANTABILITY or FITNESS FOR A PARTICULAR PURPOSE.

configure:22449: $? = 0
configure:22438: gcc -v >&5
Using built-in specs.
COLLECT_GCC=gcc
COLLECT_LTO_WRAPPER=/usr/libexec/gcc/i686-linux-gnu/4.8.1/lto-wrapper
Target: i686-linux-gnu
Configured with: ./../configure --prefix=/usr --sysconfdir=/etc/ --mandir=/usr/share/man --localstatedir=/var --infodir=/usr/share/info --libdir=/usr/lib --host=i686-linux-gnu --build=i686-linux-gnu --with-ecj-jar=/usr/share/java/ecj-3.5.2.jar --enable-lto --enable-cloog-backend=isl --enable-java-home --with-system-zlib --target=i686-linux-gnu --with-sysroot=/ --with-jvm-root-dir=/usr/lib/jvm/gcj-jdk --enable-languages=c,c++,fortran,java,lto,objc,obj-c++,go,ada
Thread model: posix
gcc version 4.8.1 20130530 (prerelease) (GCC) 
configure:22449: $? = 0
configure:22438: gcc -V >&5
gcc: error: unrecognized command line option '-V'
gcc: fatal error: no input files
compilation terminated.
configure:22449: $? = 1
configure:22438: gcc -qversion >&5
gcc: error: unrecognized command line option '-qversion'
gcc: fatal error: no input files
compilation terminated.
configure:22449: $? = 1
configure:22453: checking whether we are using the GNU Objective C compiler
configure:22472: gcc -c   conftest.m >&5
configure:22472: $? = 0
configure:22481: result: yes
configure:22490: checking whether gcc accepts -g
configure:22510: gcc -c -g  conftest.m >&5
configure:22510: $? = 0
configure:22551: result: yes
configure:22576: checking dependency style of gcc
configure:22685: result: gcc3
configure:22705: checking for working do while(0) macros
configure:22726: gcc -std=gnu99 -c -g -O2  conftest.c >&5
configure:22726: $? = 0
configure:22734: result: yes
configure:22745: checking for valgrind
configure:22776: result: no
configure:22798: checking for gtkdoc-check
configure:22816: found /usr/bin/gtkdoc-check
configure:22828: result: /usr/bin/gtkdoc-check
configure:22840: checking for gtkdoc-rebase
configure:22858: found /usr/bin/gtkdoc-rebase
configure:22870: result: /usr/bin/gtkdoc-rebase
configure:22884: checking for gtkdoc-mkpdf
configure:22902: found /usr/bin/gtkdoc-mkpdf
configure:22914: result: /usr/bin/gtkdoc-mkpdf
configure:22944: $PKG_CONFIG --exists --print-errors "gtk-doc >= 1.12"
configure:22947: $? = 0
configure:22956: checking for GTKDOC_DEPS
configure:22964: $PKG_CONFIG --exists --print-errors "glib-2.0 >= 2.10.0 gobject-2.0  >= 2.10.0"
configure:22967: $? = 0
configure:22982: $PKG_CONFIG --exists --print-errors "glib-2.0 >= 2.10.0 gobject-2.0  >= 2.10.0"
configure:22985: $? = 0
configure:23040: result: yes
configure:23118: checking whether to build gtk-doc documentation
configure:23120: result: yes
configure:23181: Looking for Python version >= 2.1
configure:23199: checking for python
configure:23217: found /usr/bin/python
configure:23229: result: /usr/bin/python
configure:23241: checking "/usr/bin/python":
configure:23243: result: okay
configure:23259: checking local Python configuration
configure:23296: result: looks good
configure:23304: checking whether to build plugin documentation
configure:23308: result: yes
configure:23414: checking for cos in -lm
configure:23439: gcc -std=gnu99 -o conftest -g -O2   conftest.c -lm   >&5
conftest.c:44:6: warning: conflicting types for built-in function 'cos' [enabled by default]
 char cos ();
      ^
configure:23439: $? = 0
configure:23448: result: yes
configure:23466: checking for stdlib.h
configure:23466: result: yes
configure:23466: checking for unistd.h
configure:23466: result: yes
configure:23466: checking for sys/param.h
configure:23466: gcc -std=gnu99 -c -g -O2  conftest.c >&5
configure:23466: $? = 0
configure:23466: result: yes
configure:23486: checking for getpagesize
configure:23486: gcc -std=gnu99 -o conftest -g -O2   conftest.c  >&5
configure:23486: $? = 0
configure:23486: result: yes
configure:23495: checking for working mmap
configure:23642: gcc -std=gnu99 -o conftest -g -O2   conftest.c  >&5
configure:23642: $? = 0
configure:23642: ./conftest
configure:23642: $? = 0
configure:23652: result: yes
configure:23665: checking for unistd.h
configure:23665: result: yes
configure:23690: checking sys/time.h usability
configure:23690: gcc -std=gnu99 -c -g -O2  conftest.c >&5
configure:23690: $? = 0
configure:23690: result: yes
configure:23690: checking sys/time.h presence
configure:23690: gcc -E  conftest.c
configure:23690: $? = 0
configure:23690: result: yes
configure:23690: checking for sys/time.h
configure:23690: result: yes
configure:23702: checking for stdint types
configure:23725: gcc -std=gnu99 -c   conftest.c >&5
configure:23725: $? = 0
configure:23769: result: stdint.h (shortcircuit)
configure:24156: result: make use of stdint.h in _stdint.h (assuming C99 compatible system)
configure:24166: checking pthread.h usability
configure:24166: gcc -std=gnu99 -c -g -O2  conftest.c >&5
configure:24166: $? = 0
configure:24166: result: yes
configure:24166: checking pthread.h presence
configure:24166: gcc -E  conftest.c
configure:24166: $? = 0
configure:24166: result: yes
configure:24166: checking for pthread.h
configure:24166: result: yes
configure:24192: checking for X11
configure:24200: $PKG_CONFIG --exists --print-errors "x11"
configure:24203: $? = 0
configure:24218: $PKG_CONFIG --exists --print-errors "x11"
configure:24221: $? = 0
configure:24257: result: yes
configure:24292: checking for mali_image_create in -lMali
configure:24317: gcc -std=gnu99 -o conftest -g -O2    conftest.c -lMali   -lUMP  >&5
/usr/lib/gcc/i686-linux-gnu/4.8.1/../../../../i686-linux-gnu/bin/ld: cannot find -lMali
/usr/lib/gcc/i686-linux-gnu/4.8.1/../../../../i686-linux-gnu/bin/ld: cannot find -lUMP
collect2: error: ld returned 1 exit status
configure:24317: $? = 1
configure: failed program was:
| /* confdefs.h */
| #define PACKAGE_NAME "GStreamer Bad Plug-ins"
| #define PACKAGE_TARNAME "gst-plugins-bad"
| #define PACKAGE_VERSION "1.0.9"
| #define PACKAGE_STRING "GStreamer Bad Plug-ins 1.0.9"
| #define PACKAGE_BUGREPORT "http://bugzilla.gnome.org/enter_bug.cgi?product=GStreamer"
| #define PACKAGE_URL ""
| #define PACKAGE "gst-plugins-bad"
| #define VERSION "1.0.9"
| #define GST_API_VERSION "1.0"
| #define STDC_HEADERS 1
| #define HAVE_SYS_TYPES_H 1
| #define HAVE_SYS_STAT_H 1
| #define HAVE_STDLIB_H 1
| #define HAVE_STRING_H 1
| #define HAVE_MEMORY_H 1
| #define HAVE_STRINGS_H 1
| #define HAVE_INTTYPES_H 1
| #define HAVE_STDINT_H 1
| #define HAVE_UNISTD_H 1
| #define HAVE_DLFCN_H 1
| #define LT_OBJDIR ".libs/"
| #define ENABLE_NLS 1
| #define HAVE_GETTEXT 1
| #define HAVE_DCGETTEXT 1
| #define GETTEXT_PACKAGE "gst-plugins-bad-1.0"
| #define LOCALEDIR "/usr/local/share/locale"
| #define GST_PACKAGE_NAME "GStreamer Bad Plug-ins source release"
| #define GST_PACKAGE_ORIGIN "Unknown package origin"
| #define HAVE_EXTERNAL /**/
| #define HAVE_CPU_I386 1
| #define HAVE_RDTSC 1
| #define HOST_CPU "i686"
| #define TARGET_CPU "i686"
| #define HAVE_DOWHILE_MACROS 1
| #define HAVE_STDLIB_H 1
| #define HAVE_UNISTD_H 1
| #define HAVE_SYS_PARAM_H 1
| #define HAVE_GETPAGESIZE 1
| #define HAVE_MMAP 1
| #define HAVE_UNISTD_H 1
| #define HAVE_SYS_TIME_H 1
| #define HAVE_PTHREAD_H 1
| #define HAVE_X11 1
| /* end confdefs.h.  */
| 
| /* Override any GCC internal prototype to avoid an error.
|    Use char because int might match the return type of a GCC
|    builtin and then its argument prototype would still apply.  */
| #ifdef __cplusplus
| extern "C"
| #endif
| char mali_image_create ();
| int
| main ()
| {
| return mali_image_create ();
|   ;
|   return 0;
| }
configure:24326: result: no
configure:24342: checking for bcm_host_init in -lbcm_host
configure:24367: gcc -std=gnu99 -o conftest -g -O2   conftest.c -lbcm_host   -lvcos -lvchiq_arm >&5
/usr/lib/gcc/i686-linux-gnu/4.8.1/../../../../i686-linux-gnu/bin/ld: cannot find -lbcm_host
/usr/lib/gcc/i686-linux-gnu/4.8.1/../../../../i686-linux-gnu/bin/ld: cannot find -lvcos
/usr/lib/gcc/i686-linux-gnu/4.8.1/../../../../i686-linux-gnu/bin/ld: cannot find -lvchiq_arm
collect2: error: ld returned 1 exit status
configure:24367: $? = 1
configure: failed program was:
| /* confdefs.h */
| #define PACKAGE_NAME "GStreamer Bad Plug-ins"
| #define PACKAGE_TARNAME "gst-plugins-bad"
| #define PACKAGE_VERSION "1.0.9"
| #define PACKAGE_STRING "GStreamer Bad Plug-ins 1.0.9"
| #define PACKAGE_BUGREPORT "http://bugzilla.gnome.org/enter_bug.cgi?product=GStreamer"
| #define PACKAGE_URL ""
| #define PACKAGE "gst-plugins-bad"
| #define VERSION "1.0.9"
| #define GST_API_VERSION "1.0"
| #define STDC_HEADERS 1
| #define HAVE_SYS_TYPES_H 1
| #define HAVE_SYS_STAT_H 1
| #define HAVE_STDLIB_H 1
| #define HAVE_STRING_H 1
| #define HAVE_MEMORY_H 1
| #define HAVE_STRINGS_H 1
| #define HAVE_INTTYPES_H 1
| #define HAVE_STDINT_H 1
| #define HAVE_UNISTD_H 1
| #define HAVE_DLFCN_H 1
| #define LT_OBJDIR ".libs/"
| #define ENABLE_NLS 1
| #define HAVE_GETTEXT 1
| #define HAVE_DCGETTEXT 1
| #define GETTEXT_PACKAGE "gst-plugins-bad-1.0"
| #define LOCALEDIR "/usr/local/share/locale"
| #define GST_PACKAGE_NAME "GStreamer Bad Plug-ins source release"
| #define GST_PACKAGE_ORIGIN "Unknown package origin"
| #define HAVE_EXTERNAL /**/
| #define HAVE_CPU_I386 1
| #define HAVE_RDTSC 1
| #define HOST_CPU "i686"
| #define TARGET_CPU "i686"
| #define HAVE_DOWHILE_MACROS 1
| #define HAVE_STDLIB_H 1
| #define HAVE_UNISTD_H 1
| #define HAVE_SYS_PARAM_H 1
| #define HAVE_GETPAGESIZE 1
| #define HAVE_MMAP 1
| #define HAVE_UNISTD_H 1
| #define HAVE_SYS_TIME_H 1
| #define HAVE_PTHREAD_H 1
| #define HAVE_X11 1
| /* end confdefs.h.  */
| 
| /* Override any GCC internal prototype to avoid an error.
|    Use char because int might match the return type of a GCC
|    builtin and then its argument prototype would still apply.  */
| #ifdef __cplusplus
| extern "C"
| #endif
| char bcm_host_init ();
| int
| main ()
| {
| return bcm_host_init ();
|   ;
|   return 0;
| }
configure:24376: result: no
configure:24411: checking for EGL
configure:24419: $PKG_CONFIG --exists --print-errors "egl"
configure:24422: $? = 0
configure:24437: $PKG_CONFIG --exists --print-errors "egl"
configure:24440: $? = 0
configure:24598: result: yes
configure:24955: checking for FIONREAD in sys/ioctl.h
configure:24979: gcc -std=gnu99 -c -g -O2  conftest.c >&5
configure:24979: $? = 0
configure:24989: result: yes
configure:25050: checking for gmtime_r
configure:25050: gcc -std=gnu99 -o conftest -g -O2   conftest.c  >&5
configure:25050: $? = 0
configure:25050: result: yes
configure:25062: checking sys/utsname.h usability
configure:25062: gcc -std=gnu99 -c -g -O2  conftest.c >&5
configure:25062: $? = 0
configure:25062: result: yes
configure:25062: checking sys/utsname.h presence
configure:25062: gcc -E  conftest.c
configure:25062: $? = 0
configure:25062: result: yes
configure:25062: checking for sys/utsname.h
configure:25062: result: yes
configure:25074: checking for socket
configure:25074: gcc -std=gnu99 -o conftest -g -O2   conftest.c  >&5
configure:25074: $? = 0
configure:25074: result: yes
configure:25125: checking for gethostbyname
configure:25125: gcc -std=gnu99 -o conftest -g -O2   conftest.c  >&5
configure:25125: $? = 0
configure:25125: result: yes
configure:25194: checking for GLIB
configure:25202: $PKG_CONFIG --exists --print-errors "$which"
configure:25205: $? = 0
configure:25220: $PKG_CONFIG --exists --print-errors "$which"
configure:25223: $? = 0
configure:25275: result: yes
configure:25334: checking for glib-genmarshal
configure:25342: result: glib-genmarshal (from pkg-config path)
configure:25396: checking for glib-mkenums
configure:25403: result: glib-mkenums
configure:25427: checking for GIO
configure:25435: $PKG_CONFIG --exists --print-errors "gio-2.0 >= $GLIB_REQ"
configure:25438: $? = 0
configure:25453: $PKG_CONFIG --exists --print-errors "gio-2.0 >= $GLIB_REQ"
configure:25456: $? = 0
configure:25511: result: yes
configure:25544: checking for GST
configure:25552: $PKG_CONFIG --exists --print-errors "$module >= $minver"
configure:25555: $? = 0
configure:25570: $PKG_CONFIG --exists --print-errors "$module >= $minver"
configure:25573: $? = 0
configure:25629: result: yes
configure:25643: using GStreamer tools in /usr/bin
configure:25653: using GStreamer plug-ins in /usr/lib/gstreamer-1.0
configure:25665: checking for GST_BASE
configure:25673: $PKG_CONFIG --exists --print-errors "$module >= $minver"
configure:25676: $? = 0
configure:25691: $PKG_CONFIG --exists --print-errors "$module >= $minver"
configure:25694: $? = 0
configure:25750: result: yes
configure:25767: checking for GST_CHECK
configure:25775: $PKG_CONFIG --exists --print-errors "$module >= $minver"
configure:25778: $? = 0
configure:25793: $PKG_CONFIG --exists --print-errors "$module >= $minver"
configure:25796: $? = 0
configure:25852: result: yes
configure:25869: checking for GST_CONTROLLER
configure:25877: $PKG_CONFIG --exists --print-errors "$module >= $minver"
configure:25880: $? = 0
configure:25895: $PKG_CONFIG --exists --print-errors "$module >= $minver"
configure:25898: $? = 0
configure:25954: result: yes
configure:25980: checking for GST_PLUGINS_BASE
configure:25988: $PKG_CONFIG --exists --print-errors "$module >= $minver"
Requested 'gstreamer-plugins-base-1.0 >= 1.0.8' but version of GStreamer Base Plugins Libraries is 1.0.6
configure:25991: $? = 1
configure:26006: $PKG_CONFIG --exists --print-errors "$module >= $minver"
Requested 'gstreamer-plugins-base-1.0 >= 1.0.8' but version of GStreamer Base Plugins Libraries is 1.0.6
configure:26009: $? = 1
Requested 'gstreamer-plugins-base-1.0 >= 1.0.8' but version of GStreamer Base Plugins Libraries is 1.0.6
configure:26037: result: no
configure:26041: Requested 'gstreamer-plugins-base-1.0 >= 1.0.8' but version of GStreamer Base Plugins Libraries is 1.0.6
configure:26044: error: no gstreamer-plugins-base-1.0 >= 1.0.8 (GStreamer Base Plugins) found

## ---------------- ##
## Cache variables. ##
## ---------------- ##

_cv_g_support_dowhile_macros=yes
_cv_gst_fionread_in_sys_ioctl=yes
ac_cv_build=i686-pc-linux-gnu
ac_cv_c_bigendian=no
ac_cv_c_compiler_gnu=yes
ac_cv_cxx_compiler_gnu=yes
ac_cv_env_APEXSINK_CFLAGS_set=
ac_cv_env_APEXSINK_CFLAGS_value=
ac_cv_env_APEXSINK_LIBS_set=
ac_cv_env_APEXSINK_LIBS_value=
ac_cv_env_ASSRENDER_CFLAGS_set=
ac_cv_env_ASSRENDER_CFLAGS_value=
ac_cv_env_ASSRENDER_LIBS_set=
ac_cv_env_ASSRENDER_LIBS_value=
ac_cv_env_CCC_set=
ac_cv_env_CCC_value=
ac_cv_env_CC_set=
ac_cv_env_CC_value=
ac_cv_env_CDAUDIO_CFLAGS_set=
ac_cv_env_CDAUDIO_CFLAGS_value=
ac_cv_env_CDAUDIO_LIBS_set=
ac_cv_env_CDAUDIO_LIBS_value=
ac_cv_env_CELT_0_11_CFLAGS_set=
ac_cv_env_CELT_0_11_CFLAGS_value=
ac_cv_env_CELT_0_11_LIBS_set=
ac_cv_env_CELT_0_11_LIBS_value=
ac_cv_env_CELT_0_7_CFLAGS_set=
ac_cv_env_CELT_0_7_CFLAGS_value=
ac_cv_env_CELT_0_7_LIBS_set=
ac_cv_env_CELT_0_7_LIBS_value=
ac_cv_env_CELT_0_8_CFLAGS_set=
ac_cv_env_CELT_0_8_CFLAGS_value=
ac_cv_env_CELT_0_8_LIBS_set=
ac_cv_env_CELT_0_8_LIBS_value=
ac_cv_env_CELT_CFLAGS_set=
ac_cv_env_CELT_CFLAGS_value=
ac_cv_env_CELT_LIBS_set=
ac_cv_env_CELT_LIBS_value=
ac_cv_env_CFLAGS_set=
ac_cv_env_CFLAGS_value=
ac_cv_env_CHROMAPRINT_CFLAGS_set=
ac_cv_env_CHROMAPRINT_CFLAGS_value=
ac_cv_env_CHROMAPRINT_LIBS_set=
ac_cv_env_CHROMAPRINT_LIBS_value=
ac_cv_env_COG_CFLAGS_set=
ac_cv_env_COG_CFLAGS_value=
ac_cv_env_COG_LIBS_set=
ac_cv_env_COG_LIBS_value=
ac_cv_env_CPPFLAGS_set=
ac_cv_env_CPPFLAGS_value=
ac_cv_env_CPP_set=
ac_cv_env_CPP_value=
ac_cv_env_CURL_CFLAGS_set=
ac_cv_env_CURL_CFLAGS_value=
ac_cv_env_CURL_LIBS_set=
ac_cv_env_CURL_LIBS_value=
ac_cv_env_CXXCPP_set=
ac_cv_env_CXXCPP_value=
ac_cv_env_CXXFLAGS_set=
ac_cv_env_CXXFLAGS_value=
ac_cv_env_CXX_set=
ac_cv_env_CXX_value=
ac_cv_env_DIRAC_CFLAGS_set=
ac_cv_env_DIRAC_CFLAGS_value=
ac_cv_env_DIRAC_LIBS_set=
ac_cv_env_DIRAC_LIBS_value=
ac_cv_env_DIRECTFB_CFLAGS_set=
ac_cv_env_DIRECTFB_CFLAGS_value=
ac_cv_env_DIRECTFB_LIBS_set=
ac_cv_env_DIRECTFB_LIBS_value=
ac_cv_env_DVDNAV_CFLAGS_set=
ac_cv_env_DVDNAV_CFLAGS_value=
ac_cv_env_DVDNAV_LIBS_set=
ac_cv_env_DVDNAV_LIBS_value=
ac_cv_env_EGLGLES_CFLAGS_set=
ac_cv_env_EGLGLES_CFLAGS_value=
ac_cv_env_EGLGLES_LIBS_set=
ac_cv_env_EGLGLES_LIBS_value=
ac_cv_env_EGL_CFLAGS_set=
ac_cv_env_EGL_CFLAGS_value=
ac_cv_env_EGL_LIBS_set=
ac_cv_env_EGL_LIBS_value=
ac_cv_env_EXIF_CFLAGS_set=
ac_cv_env_EXIF_CFLAGS_value=
ac_cv_env_EXIF_LIBS_set=
ac_cv_env_EXIF_LIBS_value=
ac_cv_env_FLUIDSYNTH_CFLAGS_set=
ac_cv_env_FLUIDSYNTH_CFLAGS_value=
ac_cv_env_FLUIDSYNTH_LIBS_set=
ac_cv_env_FLUIDSYNTH_LIBS_value=
ac_cv_env_GIO_CFLAGS_set=
ac_cv_env_GIO_CFLAGS_value=
ac_cv_env_GIO_LIBS_set=
ac_cv_env_GIO_LIBS_value=
ac_cv_env_GLIB_CFLAGS_set=
ac_cv_env_GLIB_CFLAGS_value=
ac_cv_env_GLIB_LIBS_set=
ac_cv_env_GLIB_LIBS_value=
ac_cv_env_GMODULE_EXPORT_CFLAGS_set=
ac_cv_env_GMODULE_EXPORT_CFLAGS_value=
ac_cv_env_GMODULE_EXPORT_LIBS_set=
ac_cv_env_GMODULE_EXPORT_LIBS_value=
ac_cv_env_GMODULE_NO_EXPORT_CFLAGS_set=
ac_cv_env_GMODULE_NO_EXPORT_CFLAGS_value=
ac_cv_env_GMODULE_NO_EXPORT_LIBS_set=
ac_cv_env_GMODULE_NO_EXPORT_LIBS_value=
ac_cv_env_GMYTH_CFLAGS_set=
ac_cv_env_GMYTH_CFLAGS_value=
ac_cv_env_GMYTH_LIBS_set=
ac_cv_env_GMYTH_LIBS_value=
ac_cv_env_GSETTINGS_CFLAGS_set=
ac_cv_env_GSETTINGS_CFLAGS_value=
ac_cv_env_GSETTINGS_LIBS_set=
ac_cv_env_GSETTINGS_LIBS_value=
ac_cv_env_GST_BASE_CFLAGS_set=
ac_cv_env_GST_BASE_CFLAGS_value=
ac_cv_env_GST_BASE_LIBS_set=
ac_cv_env_GST_BASE_LIBS_value=
ac_cv_env_GST_CFLAGS_set=
ac_cv_env_GST_CFLAGS_value=
ac_cv_env_GST_CHECK_CFLAGS_set=
ac_cv_env_GST_CHECK_CFLAGS_value=
ac_cv_env_GST_CHECK_LIBS_set=
ac_cv_env_GST_CHECK_LIBS_value=
ac_cv_env_GST_CONTROLLER_CFLAGS_set=
ac_cv_env_GST_CONTROLLER_CFLAGS_value=
ac_cv_env_GST_CONTROLLER_LIBS_set=
ac_cv_env_GST_CONTROLLER_LIBS_value=
ac_cv_env_GST_LIBS_set=
ac_cv_env_GST_LIBS_value=
ac_cv_env_GST_PLUGINS_BASE_CFLAGS_set=
ac_cv_env_GST_PLUGINS_BASE_CFLAGS_value=
ac_cv_env_GST_PLUGINS_BASE_LIBS_set=
ac_cv_env_GST_PLUGINS_BASE_LIBS_value=
ac_cv_env_GST_PLUGINS_FFMPEG_CFLAGS_set=
ac_cv_env_GST_PLUGINS_FFMPEG_CFLAGS_value=
ac_cv_env_GST_PLUGINS_FFMPEG_LIBS_set=
ac_cv_env_GST_PLUGINS_FFMPEG_LIBS_value=
ac_cv_env_GST_PLUGINS_GOOD_CFLAGS_set=
ac_cv_env_GST_PLUGINS_GOOD_CFLAGS_value=
ac_cv_env_GST_PLUGINS_GOOD_LIBS_set=
ac_cv_env_GST_PLUGINS_GOOD_LIBS_value=
ac_cv_env_GST_PLUGINS_UGLY_CFLAGS_set=
ac_cv_env_GST_PLUGINS_UGLY_CFLAGS_value=
ac_cv_env_GST_PLUGINS_UGLY_LIBS_set=
ac_cv_env_GST_PLUGINS_UGLY_LIBS_value=
ac_cv_env_GST_VIDEO_CFLAGS_set=
ac_cv_env_GST_VIDEO_CFLAGS_value=
ac_cv_env_GST_VIDEO_LIBS_set=
ac_cv_env_GST_VIDEO_LIBS_value=
ac_cv_env_GTKDOC_DEPS_CFLAGS_set=
ac_cv_env_GTKDOC_DEPS_CFLAGS_value=
ac_cv_env_GTKDOC_DEPS_LIBS_set=
ac_cv_env_GTKDOC_DEPS_LIBS_value=
ac_cv_env_GTK_CFLAGS_set=
ac_cv_env_GTK_CFLAGS_value=
ac_cv_env_GTK_LIBS_set=
ac_cv_env_GTK_LIBS_value=
ac_cv_env_G_UDEV_CFLAGS_set=
ac_cv_env_G_UDEV_CFLAGS_value=
ac_cv_env_G_UDEV_LIBS_set=
ac_cv_env_G_UDEV_LIBS_value=
ac_cv_env_KATE_CFLAGS_set=
ac_cv_env_KATE_CFLAGS_value=
ac_cv_env_KATE_LIBS_set=
ac_cv_env_KATE_LIBS_value=
ac_cv_env_LDFLAGS_set=
ac_cv_env_LDFLAGS_value=
ac_cv_env_LIBDC1394_CFLAGS_set=
ac_cv_env_LIBDC1394_CFLAGS_value=
ac_cv_env_LIBDC1394_LIBS_set=
ac_cv_env_LIBDC1394_LIBS_value=
ac_cv_env_LIBMMS_CFLAGS_set=
ac_cv_env_LIBMMS_CFLAGS_value=
ac_cv_env_LIBMMS_LIBS_set=
ac_cv_env_LIBMMS_LIBS_value=
ac_cv_env_LIBS_set=
ac_cv_env_LIBS_value=
ac_cv_env_LIBUSB_CFLAGS_set=
ac_cv_env_LIBUSB_CFLAGS_value=
ac_cv_env_LIBUSB_LIBS_set=
ac_cv_env_LIBUSB_LIBS_value=
ac_cv_env_LRDF_CFLAGS_set=
ac_cv_env_LRDF_CFLAGS_value=
ac_cv_env_LRDF_LIBS_set=
ac_cv_env_LRDF_LIBS_value=
ac_cv_env_MIMIC_CFLAGS_set=
ac_cv_env_MIMIC_CFLAGS_value=
ac_cv_env_MIMIC_LIBS_set=
ac_cv_env_MIMIC_LIBS_value=
ac_cv_env_MJPEG_CFLAGS_set=
ac_cv_env_MJPEG_CFLAGS_value=
ac_cv_env_MJPEG_LIBS_set=
ac_cv_env_MJPEG_LIBS_value=
ac_cv_env_MODPLUG_CFLAGS_set=
ac_cv_env_MODPLUG_CFLAGS_value=
ac_cv_env_MODPLUG_LIBS_set=
ac_cv_env_MODPLUG_LIBS_value=
ac_cv_env_MPEG2ENC_CFLAGS_set=
ac_cv_env_MPEG2ENC_CFLAGS_value=
ac_cv_env_MPEG2ENC_LIBS_set=
ac_cv_env_MPEG2ENC_LIBS_value=
ac_cv_env_MPG123_CFLAGS_set=
ac_cv_env_MPG123_CFLAGS_value=
ac_cv_env_MPG123_LIBS_set=
ac_cv_env_MPG123_LIBS_value=
ac_cv_env_MPLEX_CFLAGS_set=
ac_cv_env_MPLEX_CFLAGS_value=
ac_cv_env_MPLEX_LIBS_set=
ac_cv_env_MPLEX_LIBS_value=
ac_cv_env_MUSICBRAINZ_CFLAGS_set=
ac_cv_env_MUSICBRAINZ_CFLAGS_value=
ac_cv_env_MUSICBRAINZ_LIBS_set=
ac_cv_env_MUSICBRAINZ_LIBS_value=
ac_cv_env_NEON_CFLAGS_set=
ac_cv_env_NEON_CFLAGS_value=
ac_cv_env_NEON_LIBS_set=
ac_cv_env_NEON_LIBS_value=
ac_cv_env_OBJCFLAGS_set=
ac_cv_env_OBJCFLAGS_value=
ac_cv_env_OBJC_set=
ac_cv_env_OBJC_value=
ac_cv_env_OFA_CFLAGS_set=
ac_cv_env_OFA_CFLAGS_value=
ac_cv_env_OFA_LIBS_set=
ac_cv_env_OFA_LIBS_value=
ac_cv_env_OPENAL_CFLAGS_set=
ac_cv_env_OPENAL_CFLAGS_value=
ac_cv_env_OPENAL_LIBS_set=
ac_cv_env_OPENAL_LIBS_value=
ac_cv_env_OPENCV_CFLAGS_set=
ac_cv_env_OPENCV_CFLAGS_value=
ac_cv_env_OPENCV_LIBS_set=
ac_cv_env_OPENCV_LIBS_value=
ac_cv_env_OPENJPEG_CFLAGS_set=
ac_cv_env_OPENJPEG_CFLAGS_value=
ac_cv_env_OPENJPEG_LIBS_set=
ac_cv_env_OPENJPEG_LIBS_value=
ac_cv_env_OPUS_CFLAGS_set=
ac_cv_env_OPUS_CFLAGS_value=
ac_cv_env_OPUS_LIBS_set=
ac_cv_env_OPUS_LIBS_value=
ac_cv_env_ORC_CFLAGS_set=
ac_cv_env_ORC_CFLAGS_value=
ac_cv_env_ORC_LIBS_set=
ac_cv_env_ORC_LIBS_value=
ac_cv_env_PKG_CONFIG_set=
ac_cv_env_PKG_CONFIG_value=
ac_cv_env_PVR_CFLAGS_set=
ac_cv_env_PVR_CFLAGS_value=
ac_cv_env_PVR_LIBS_set=
ac_cv_env_PVR_LIBS_value=
ac_cv_env_RSVG_2_35_0_CFLAGS_set=
ac_cv_env_RSVG_2_35_0_CFLAGS_value=
ac_cv_env_RSVG_2_35_0_LIBS_set=
ac_cv_env_RSVG_2_35_0_LIBS_value=
ac_cv_env_RSVG_CFLAGS_set=
ac_cv_env_RSVG_CFLAGS_value=
ac_cv_env_RSVG_LIBS_set=
ac_cv_env_RSVG_LIBS_value=
ac_cv_env_RTMP_CFLAGS_set=
ac_cv_env_RTMP_CFLAGS_value=
ac_cv_env_RTMP_LIBS_set=
ac_cv_env_RTMP_LIBS_value=
ac_cv_env_SCHRO_CFLAGS_set=
ac_cv_env_SCHRO_CFLAGS_value=
ac_cv_env_SCHRO_LIBS_set=
ac_cv_env_SCHRO_LIBS_value=
ac_cv_env_SLV2_CFLAGS_set=
ac_cv_env_SLV2_CFLAGS_value=
ac_cv_env_SLV2_LIBS_set=
ac_cv_env_SLV2_LIBS_value=
ac_cv_env_SNDFILE_CFLAGS_set=
ac_cv_env_SNDFILE_CFLAGS_value=
ac_cv_env_SNDFILE_LIBS_set=
ac_cv_env_SNDFILE_LIBS_value=
ac_cv_env_SOUNDTOUCH_CFLAGS_set=
ac_cv_env_SOUNDTOUCH_CFLAGS_value=
ac_cv_env_SOUNDTOUCH_LIBS_set=
ac_cv_env_SOUNDTOUCH_LIBS_value=
ac_cv_env_SPANDSP_CFLAGS_set=
ac_cv_env_SPANDSP_CFLAGS_value=
ac_cv_env_SPANDSP_LIBS_set=
ac_cv_env_SPANDSP_LIBS_value=
ac_cv_env_SWFDEC_CFLAGS_set=
ac_cv_env_SWFDEC_CFLAGS_value=
ac_cv_env_SWFDEC_LIBS_set=
ac_cv_env_SWFDEC_LIBS_value=
ac_cv_env_TELETEXTDEC_CFLAGS_set=
ac_cv_env_TELETEXTDEC_CFLAGS_value=
ac_cv_env_TELETEXTDEC_LIBS_set=
ac_cv_env_TELETEXTDEC_LIBS_value=
ac_cv_env_TIGER_CFLAGS_set=
ac_cv_env_TIGER_CFLAGS_value=
ac_cv_env_TIGER_LIBS_set=
ac_cv_env_TIGER_LIBS_value=
ac_cv_env_TIMIDITY_CFLAGS_set=
ac_cv_env_TIMIDITY_CFLAGS_value=
ac_cv_env_TIMIDITY_LIBS_set=
ac_cv_env_TIMIDITY_LIBS_value=
ac_cv_env_VALGRIND_CFLAGS_set=
ac_cv_env_VALGRIND_CFLAGS_value=
ac_cv_env_VALGRIND_LIBS_set=
ac_cv_env_VALGRIND_LIBS_value=
ac_cv_env_VDPAU_CFLAGS_set=
ac_cv_env_VDPAU_CFLAGS_value=
ac_cv_env_VDPAU_LIBS_set=
ac_cv_env_VDPAU_LIBS_value=
ac_cv_env_VOAACENC_CFLAGS_set=
ac_cv_env_VOAACENC_CFLAGS_value=
ac_cv_env_VOAACENC_LIBS_set=
ac_cv_env_VOAACENC_LIBS_value=
ac_cv_env_VOAMRWBENC_CFLAGS_set=
ac_cv_env_VOAMRWBENC_CFLAGS_value=
ac_cv_env_VOAMRWBENC_LIBS_set=
ac_cv_env_VOAMRWBENC_LIBS_value=
ac_cv_env_WAYLAND_CFLAGS_set=
ac_cv_env_WAYLAND_CFLAGS_value=
ac_cv_env_WAYLAND_LIBS_set=
ac_cv_env_WAYLAND_LIBS_value=
ac_cv_env_X11_CFLAGS_set=
ac_cv_env_X11_CFLAGS_value=
ac_cv_env_X11_LIBS_set=
ac_cv_env_X11_LIBS_value=
ac_cv_env_XMKMF_set=
ac_cv_env_XMKMF_value=
ac_cv_env_ZBAR_CFLAGS_set=
ac_cv_env_ZBAR_CFLAGS_value=
ac_cv_env_ZBAR_LIBS_set=
ac_cv_env_ZBAR_LIBS_value=
ac_cv_env_build_alias_set=
ac_cv_env_build_alias_value=
ac_cv_env_host_alias_set=
ac_cv_env_host_alias_value=
ac_cv_env_target_alias_set=
ac_cv_env_target_alias_value=
ac_cv_func_dlopen=no
ac_cv_func_gethostbyname=yes
ac_cv_func_getpagesize=yes
ac_cv_func_gmtime_r=yes
ac_cv_func_mmap_fixed_mapped=yes
ac_cv_func_shl_load=no
ac_cv_func_socket=yes
ac_cv_header_dlfcn_h=yes
ac_cv_header_inttypes_h=yes
ac_cv_header_memory_h=yes
ac_cv_header_pthread_h=yes
ac_cv_header_stdc=yes
ac_cv_header_stdint=stdint.h
ac_cv_header_stdint_h=yes
ac_cv_header_stdint_t=stdint.h
ac_cv_header_stdlib_h=yes
ac_cv_header_string_h=yes
ac_cv_header_strings_h=yes
ac_cv_header_sys_param_h=yes
ac_cv_header_sys_stat_h=yes
ac_cv_header_sys_time_h=yes
ac_cv_header_sys_types_h=yes
ac_cv_header_sys_utsname_h=yes
ac_cv_header_unistd_h=yes
ac_cv_host=i686-pc-linux-gnu
ac_cv_lib_Mali_mali_image_create=no
ac_cv_lib_bcm_host_bcm_host_init=no
ac_cv_lib_dl_dlopen=yes
ac_cv_lib_dld_shl_load=no
ac_cv_lib_m_cos=yes
ac_cv_objc_compiler_gnu=yes
ac_cv_objext=o
ac_cv_path_EGREP='/usr/bin/grep -E'
ac_cv_path_FGREP='/usr/bin/grep -F'
ac_cv_path_GMSGFMT=/usr/bin/msgfmt
ac_cv_path_GREP=/usr/bin/grep
ac_cv_path_GTKDOC_CHECK=/usr/bin/gtkdoc-check
ac_cv_path_GTKDOC_MKPDF=/usr/bin/gtkdoc-mkpdf
ac_cv_path_GTKDOC_REBASE=/usr/bin/gtkdoc-rebase
ac_cv_path_MSGFMT=/usr/bin/msgfmt
ac_cv_path_MSGMERGE=/usr/bin/msgmerge
ac_cv_path_PYTHON=/usr/bin/python
ac_cv_path_SED=/usr/bin/sed
ac_cv_path_VALGRIND_PATH=no
ac_cv_path_XGETTEXT=/usr/bin/xgettext
ac_cv_path_ac_pt_PKG_CONFIG=/usr/bin/pkg-config
ac_cv_path_install='/usr/bin/ginstall -c'
ac_cv_path_mkdir=/usr/bin/mkdir
ac_cv_prog_AWK=gawk
ac_cv_prog_CPP='gcc -E'
ac_cv_prog_CXXCPP='g++ -E'
ac_cv_prog_HAVE_CXX=yes
ac_cv_prog_ac_ct_AR=ar
ac_cv_prog_ac_ct_CC=gcc
ac_cv_prog_ac_ct_CXX=g++
ac_cv_prog_ac_ct_MANIFEST_TOOL=mt
ac_cv_prog_ac_ct_OBJC=gcc
ac_cv_prog_ac_ct_OBJDUMP=objdump
ac_cv_prog_ac_ct_RANLIB=ranlib
ac_cv_prog_ac_ct_STRIP=strip
ac_cv_prog_cc_c89=
ac_cv_prog_cc_c99=-std=gnu99
ac_cv_prog_cc_g=yes
ac_cv_prog_cc_stdc=-std=gnu99
ac_cv_prog_cxx_g=yes
ac_cv_prog_make_make_set=yes
ac_cv_prog_objc_g=yes
ac_cv_stdint_message='using gnu compiler gcc (GCC) 4.8.1 20130530 (prerelease)'
ac_cv_stdint_result='(assuming C99 compatible system)'
ac_cv_target=i686-pc-linux-gnu
acl_cv_hardcode_direct=no
acl_cv_hardcode_libdir_flag_spec='${wl}-rpath ${wl}$libdir'
acl_cv_hardcode_libdir_separator=
acl_cv_hardcode_minus_L=no
acl_cv_libext=a
acl_cv_libname_spec='lib$name'
acl_cv_library_names_spec='$libname$shrext'
acl_cv_path_LD=/usr/i686-linux-gnu/bin/ld
acl_cv_prog_gnu_ld=yes
acl_cv_rpath=done
acl_cv_shlibext=so
acl_cv_wl=-Wl,
am_cv_CC_dependencies_compiler_type=gcc3
am_cv_CXX_dependencies_compiler_type=gcc3
am_cv_OBJC_dependencies_compiler_type=gcc3
am_cv_make_support_nested_variables=yes
am_cv_prog_cc_c_o=yes
am_cv_prog_tar_ustar=gnutar
gt_cv_func_CFLocaleCopyCurrent=no
gt_cv_func_CFPreferencesCopyAppValue=no
gt_cv_func_gnugettext1_libc=yes
lt_cv_ar_at_file=@
lt_cv_archive_cmds_need_lc=no
lt_cv_deplibs_check_method=pass_all
lt_cv_dlopen=dlopen
lt_cv_dlopen_libs=-ldl
lt_cv_dlopen_self=yes
lt_cv_dlopen_self_static=no
lt_cv_file_magic_cmd='$MAGIC_CMD'
lt_cv_file_magic_test_file=
lt_cv_ld_reload_flag=-r
lt_cv_nm_interface='BSD nm'
lt_cv_objdir=.libs
lt_cv_path_LD=/usr/i686-linux-gnu/bin/ld
lt_cv_path_LDCXX=/usr/i686-linux-gnu/bin/ld
lt_cv_path_NM='/usr/bin/nm -B'
lt_cv_path_mainfest_tool=no
lt_cv_prog_compiler_c_o=yes
lt_cv_prog_compiler_c_o_CXX=yes
lt_cv_prog_compiler_pic='-fPIC -DPIC'
lt_cv_prog_compiler_pic_CXX='-fPIC -DPIC'
lt_cv_prog_compiler_pic_works=yes
lt_cv_prog_compiler_pic_works_CXX=yes
lt_cv_prog_compiler_rtti_exceptions=no
lt_cv_prog_compiler_static_works=yes
lt_cv_prog_compiler_static_works_CXX=yes
lt_cv_prog_gnu_ld=yes
lt_cv_prog_gnu_ldcxx=yes
lt_cv_sharedlib_from_linklib_cmd='printf %s\n'
lt_cv_shlibpath_overrides_runpath=no
lt_cv_sys_global_symbol_pipe='sed -n -e '\''s/^.*[	 ]\([ABCDGIRSTW][ABCDGIRSTW]*\)[	 ][	 ]*\([_A-Za-z][_A-Za-z0-9]*\)$/\1 \2 \2/p'\'' | sed '\''/ __gnu_lto/d'\'''
lt_cv_sys_global_symbol_to_c_name_address='sed -n -e '\''s/^: \([^ ]*\)[ ]*$/  {\"\1\", (void *) 0},/p'\'' -e '\''s/^[ABCDGIRSTW]* \([^ ]*\) \([^ ]*\)$/  {"\2", (void *) \&\2},/p'\'''
lt_cv_sys_global_symbol_to_c_name_address_lib_prefix='sed -n -e '\''s/^: \([^ ]*\)[ ]*$/  {\"\1\", (void *) 0},/p'\'' -e '\''s/^[ABCDGIRSTW]* \([^ ]*\) \(lib[^ ]*\)$/  {"\2", (void *) \&\2},/p'\'' -e '\''s/^[ABCDGIRSTW]* \([^ ]*\) \([^ ]*\)$/  {"lib\2", (void *) \&\2},/p'\'''
lt_cv_sys_global_symbol_to_cdecl='sed -n -e '\''s/^T .* \(.*\)$/extern int \1();/p'\'' -e '\''s/^[ABCDGIRSTW]* .* \(.*\)$/extern char \1;/p'\'''
lt_cv_sys_max_cmd_len=1572864
lt_cv_to_host_file_cmd=func_convert_file_noop
lt_cv_to_tool_file_cmd=func_convert_file_noop
pkg_cv_EGL_CFLAGS='-I/usr/X11R7/include -I/usr/include/libdrm  '
pkg_cv_EGL_LIBS='-lEGL  '
pkg_cv_GIO_CFLAGS='-pthread -I/usr/include/glib-2.0 -I/usr/lib/glib-2.0/include  '
pkg_cv_GIO_LIBS='-lgio-2.0 -lgobject-2.0 -lglib-2.0  '
pkg_cv_GLIB_CFLAGS='-pthread -I/usr/include/glib-2.0 -I/usr/lib/glib-2.0/include  '
pkg_cv_GLIB_LIBS='-pthread -lgobject-2.0 -lgthread-2.0 -lgmodule-2.0 -lglib-2.0  '
pkg_cv_GST_BASE_CFLAGS='-pthread -I/usr/include/gstreamer-1.0 -I/usr/include/glib-2.0 -I/usr/lib/glib-2.0/include  '
pkg_cv_GST_BASE_LIBS='-pthread -lgstbase-1.0 -lgstreamer-1.0 -lgobject-2.0 -lgmodule-2.0 -lgthread-2.0 -lglib-2.0  '
pkg_cv_GST_CFLAGS='-pthread -I/usr/include/gstreamer-1.0 -I/usr/include/glib-2.0 -I/usr/lib/glib-2.0/include  '
pkg_cv_GST_CHECK_CFLAGS='-pthread -I/usr/include/gstreamer-1.0 -I/usr/include/glib-2.0 -I/usr/lib/glib-2.0/include  '
pkg_cv_GST_CHECK_LIBS='-pthread -lgstcheck-1.0 -lm -lgstreamer-1.0 -lgobject-2.0 -lgmodule-2.0 -lgthread-2.0 -lglib-2.0  '
pkg_cv_GST_CONTROLLER_CFLAGS='-pthread -I/usr/include/gstreamer-1.0 -I/usr/include/glib-2.0 -I/usr/lib/glib-2.0/include  '
pkg_cv_GST_CONTROLLER_LIBS='-pthread -lgstcontroller-1.0 -lgstreamer-1.0 -lgobject-2.0 -lgmodule-2.0 -lgthread-2.0 -lglib-2.0  '
pkg_cv_GST_LIBS='-pthread -lgstreamer-1.0 -lgobject-2.0 -lgmodule-2.0 -lgthread-2.0 -lglib-2.0  '
pkg_cv_GTKDOC_DEPS_CFLAGS='-I/usr/include/glib-2.0 -I/usr/lib/glib-2.0/include  '
pkg_cv_GTKDOC_DEPS_LIBS='-lgobject-2.0 -lglib-2.0  '
pkg_cv_X11_CFLAGS='-I/usr/X11R7/include  '
pkg_cv_X11_LIBS='-L/usr/X11R7/lib -lX11  '

## ----------------- ##
## Output variables. ##
## ----------------- ##

ACLOCAL='${SHELL} /usr/src/gst-plugins-bad/gst-plugins-bad/missing aclocal-1.14'
ACLOCAL_AMFLAGS='-I m4 -I common/m4'
ACMENC_CFLAGS=''
ACMMP3DEC_CFLAGS=''
AMDEPBACKSLASH='\'
AMDEP_FALSE='#'
AMDEP_TRUE=''
AMTAR='$${TAR-tar}'
AM_BACKSLASH='\'
AM_DEFAULT_V='$(AM_DEFAULT_VERBOSITY)'
AM_DEFAULT_VERBOSITY='0'
AM_V='$(V)'
APEXSINK_CFLAGS=''
APEXSINK_LIBS=''
AR='ar'
AS='as'
ASSRENDER_CFLAGS=''
ASSRENDER_LIBS=''
AUTOCONF='${SHELL} /usr/src/gst-plugins-bad/gst-plugins-bad/missing autoconf'
AUTOHEADER='${SHELL} /usr/src/gst-plugins-bad/gst-plugins-bad/missing autoheader'
AUTOMAKE='${SHELL} /usr/src/gst-plugins-bad/gst-plugins-bad/missing automake-1.14'
AWK='gawk'
BUILD_EXAMPLES_FALSE='#'
BUILD_EXAMPLES_TRUE=''
BUILD_EXPERIMENTAL_FALSE=''
BUILD_EXPERIMENTAL_TRUE='#'
BUILD_EXTERNAL_FALSE='#'
BUILD_EXTERNAL_TRUE=''
BZ2_LIBS=''
CC='gcc -std=gnu99'
CCASFLAGS=''
CCDEPMODE='depmode=gcc3'
CDAUDIO_CFLAGS=''
CDAUDIO_LIBS=''
CELT_0_11_CFLAGS=''
CELT_0_11_LIBS=''
CELT_0_7_CFLAGS=''
CELT_0_7_LIBS=''
CELT_0_8_CFLAGS=''
CELT_0_8_LIBS=''
CELT_CFLAGS=''
CELT_LIBS=''
CFLAGS='-g -O2'
CHROMAPRINT_CFLAGS=''
CHROMAPRINT_LIBS=''
COG_CFLAGS=''
COG_LIBS=''
CPP='gcc -E'
CPPFLAGS=''
CURL_CFLAGS=''
CURL_LIBS=''
CXX='g++'
CXXCPP='g++ -E'
CXXDEPMODE='depmode=gcc3'
CXXFLAGS=''
CYGPATH_W='echo'
DCCP_LIBS=''
DECKLINK_CXXFLAGS=''
DECKLINK_LIBS=''
DECKLINK_OSX_FALSE=''
DECKLINK_OSX_TRUE=''
DEFAULT_AUDIOSINK=''
DEFAULT_AUDIOSRC=''
DEFAULT_VIDEOSINK=''
DEFAULT_VIDEOSRC=''
DEFAULT_VISUALIZER=''
DEFS=''
DEPDIR='.deps'
DEPRECATED_CFLAGS=''
DIRAC_CFLAGS=''
DIRAC_LIBS=''
DIRECT3D_LIBS=''
DIRECTDRAW_LIBS=''
DIRECTFB_CFLAGS=''
DIRECTFB_LIBS=''
DIRECTSHOW_LIBS=''
DIRECTSOUND_LIBS=''
DIRECTX_CFLAGS=''
DIRECTX_LDFLAGS=''
DLLTOOL='false'
DSYMUTIL=''
DTS_LIBS=''
DUMPBIN=''
DVDNAV_CFLAGS=''
DVDNAV_LIBS=''
ECHO_C=''
ECHO_N='-n'
ECHO_T=''
EGLGLES_CFLAGS=''
EGLGLES_LIBS=''
EGL_CFLAGS='-I/usr/X11R7/include -I/usr/include/libdrm   -I/usr/X11R7/include  '
EGL_LIBS='-lEGL   -L/usr/X11R7/lib -lX11  '
EGREP='/usr/bin/grep -E'
ENABLE_GTK_DOC_FALSE='#'
ENABLE_GTK_DOC_TRUE=''
ENABLE_PLUGIN_DOCS_FALSE='#'
ENABLE_PLUGIN_DOCS_TRUE=''
ERROR_CFLAGS=''
ERROR_CXXFLAGS=''
ERROR_OBJCFLAGS=''
EXEEXT=''
EXIF_CFLAGS=''
EXIF_LIBS=''
FAAC_LIBS=''
FAAD_IS_NEAAC=''
FAAD_LIBS=''
FFLAGS=''
FGREP='/usr/bin/grep -F'
FLITE_CFLAGS=''
FLITE_LIBS=''
FLUIDSYNTH_CFLAGS=''
FLUIDSYNTH_LIBS=''
GCOV=''
GCOV_CFLAGS=''
GCOV_LIBS=''
GETTEXT_MACRO_VERSION='0.17'
GETTEXT_PACKAGE='gst-plugins-bad-1.0'
GIO_CFLAGS='-pthread -I/usr/include/glib-2.0 -I/usr/lib/glib-2.0/include  '
GIO_LDFLAGS=''
GIO_LIBS='-lgio-2.0 -lgobject-2.0 -lglib-2.0  '
GLIB_CFLAGS='-pthread -I/usr/include/glib-2.0 -I/usr/lib/glib-2.0/include'
GLIB_COMPILE_SCHEMAS=''
GLIB_EXTRA_CFLAGS=' -DG_THREADS_MANDATORY -DG_DISABLE_CAST_CHECKS -DG_DISABLE_ASSERT'
GLIB_GENMARSHAL='glib-genmarshal'
GLIB_LIBS='-pthread -lgobject-2.0 -lgthread-2.0 -lgmodule-2.0 -lglib-2.0  '
GLIB_MKENUMS='glib-mkenums'
GLIB_PREFIX=''
GLIB_REQ='2.32.0'
GME_LIBS=''
GMODULE_EXPORT_CFLAGS=''
GMODULE_EXPORT_LIBS=''
GMODULE_NO_EXPORT_CFLAGS=''
GMODULE_NO_EXPORT_LIBS=''
GMSGFMT='/usr/bin/msgfmt'
GMSGFMT_015='/usr/bin/msgfmt'
GMYTH_CFLAGS=''
GMYTH_LIBS=''
GREP='/usr/bin/grep'
GSETTINGS_CFLAGS=''
GSETTINGS_DISABLE_SCHEMAS_COMPILE=''
GSETTINGS_LIBS=''
GSETTINGS_RULES=''
GSM_LIBS=''
GSTPB_PLUGINS_DIR=''
GSTPB_PREFIX=''
GST_AGE='8'
GST_ALL_LDFLAGS=''
GST_API_VERSION='1.0'
GST_BASE_CFLAGS='-pthread -I/usr/include/gstreamer-1.0 -I/usr/include/glib-2.0 -I/usr/lib/glib-2.0/include  '
GST_BASE_LIBS='-pthread -lgstbase-1.0 -lgstreamer-1.0 -lgobject-2.0 -lgmodule-2.0 -lgthread-2.0 -lglib-2.0  '
GST_CFLAGS='-pthread -I/usr/include/gstreamer-1.0 -I/usr/include/glib-2.0 -I/usr/lib/glib-2.0/include  '
GST_CHECK_CFLAGS='-pthread -I/usr/include/gstreamer-1.0 -I/usr/include/glib-2.0 -I/usr/lib/glib-2.0/include  '
GST_CHECK_LIBS='-pthread -lgstcheck-1.0 -lm -lgstreamer-1.0 -lgobject-2.0 -lgmodule-2.0 -lgthread-2.0 -lglib-2.0  '
GST_CONTROLLER_CFLAGS='-pthread -I/usr/include/gstreamer-1.0 -I/usr/include/glib-2.0 -I/usr/lib/glib-2.0/include  '
GST_CONTROLLER_LIBS='-pthread -lgstcontroller-1.0 -lgstreamer-1.0 -lgobject-2.0 -lgmodule-2.0 -lgthread-2.0 -lglib-2.0  '
GST_CURRENT='8'
GST_CXXFLAGS=''
GST_GCOV_ENABLED_FALSE=''
GST_GCOV_ENABLED_TRUE='#'
GST_LEVEL_DEFAULT=''
GST_LIBS='-pthread -lgstreamer-1.0 -lgobject-2.0 -lgmodule-2.0 -lgthread-2.0 -lglib-2.0  '
GST_LIBVERSION='8:0:8'
GST_LIB_LDFLAGS=''
GST_LICENSE=''
GST_LT_LDFLAGS=' -version-info 8:0:8'
GST_OBJCFLAGS=''
GST_OPTION_CFLAGS=''
GST_OPTION_CXXFLAGS=''
GST_OPTION_OBJCFLAGS=''
GST_PACKAGE_NAME='GStreamer Bad Plug-ins source release'
GST_PACKAGE_ORIGIN='Unknown package origin'
GST_PLUGINS_ALL=''
GST_PLUGINS_BAD_CFLAGS=''
GST_PLUGINS_BAD_CXXFLAGS=''
GST_PLUGINS_BAD_OBJCFLAGS=''
GST_PLUGINS_BASE_CFLAGS=''
GST_PLUGINS_BASE_DIR=''
GST_PLUGINS_BASE_LIBS=''
GST_PLUGINS_DIR='/usr/lib/gstreamer-1.0'
GST_PLUGINS_FFMPEG_CFLAGS=''
GST_PLUGINS_FFMPEG_DIR=''
GST_PLUGINS_FFMPEG_LIBS=''
GST_PLUGINS_GOOD_CFLAGS=''
GST_PLUGINS_GOOD_DIR=''
GST_PLUGINS_GOOD_LIBS=''
GST_PLUGINS_NONPORTED=''
GST_PLUGINS_SELECTED=''
GST_PLUGINS_UGLY_CFLAGS=''
GST_PLUGINS_UGLY_DIR=''
GST_PLUGINS_UGLY_LIBS=''
GST_PLUGIN_BUILD_STATIC_FALSE=''
GST_PLUGIN_BUILD_STATIC_TRUE=''
GST_PLUGIN_LDFLAGS=''
GST_PLUGIN_LIBTOOLFLAGS=''
GST_PREFIX=''
GST_REVISION='0'
GST_TOOLS_DIR='/usr/bin'
GST_VIDEO_CFLAGS=''
GST_VIDEO_LIBS=''
GTKDOC_CHECK='/usr/bin/gtkdoc-check'
GTKDOC_DEPS_CFLAGS='-I/usr/include/glib-2.0 -I/usr/lib/glib-2.0/include  '
GTKDOC_DEPS_LIBS='-lgobject-2.0 -lglib-2.0  '
GTKDOC_MKPDF='/usr/bin/gtkdoc-mkpdf'
GTKDOC_REBASE='/usr/bin/gtkdoc-rebase'
GTK_CFLAGS=''
GTK_DOC_BUILD_HTML_FALSE='#'
GTK_DOC_BUILD_HTML_TRUE=''
GTK_DOC_BUILD_PDF_FALSE=''
GTK_DOC_BUILD_PDF_TRUE='#'
GTK_DOC_USE_LIBTOOL_FALSE='#'
GTK_DOC_USE_LIBTOOL_TRUE=''
GTK_LIBS=''
G_UDEV_CFLAGS=''
G_UDEV_LIBS=''
HAVE_BZ2=''
HAVE_CPU_ALPHA_FALSE=''
HAVE_CPU_ALPHA_TRUE='#'
HAVE_CPU_ARM_FALSE=''
HAVE_CPU_ARM_TRUE='#'
HAVE_CPU_CRISV32_FALSE=''
HAVE_CPU_CRISV32_TRUE='#'
HAVE_CPU_CRIS_FALSE=''
HAVE_CPU_CRIS_TRUE='#'
HAVE_CPU_HPPA_FALSE=''
HAVE_CPU_HPPA_TRUE='#'
HAVE_CPU_I386_FALSE='#'
HAVE_CPU_I386_TRUE=''
HAVE_CPU_IA64_FALSE=''
HAVE_CPU_IA64_TRUE='#'
HAVE_CPU_M68K_FALSE=''
HAVE_CPU_M68K_TRUE='#'
HAVE_CPU_MIPS_FALSE=''
HAVE_CPU_MIPS_TRUE='#'
HAVE_CPU_PPC64_FALSE=''
HAVE_CPU_PPC64_TRUE='#'
HAVE_CPU_PPC_FALSE=''
HAVE_CPU_PPC_TRUE='#'
HAVE_CPU_S390_FALSE=''
HAVE_CPU_S390_TRUE='#'
HAVE_CPU_SPARC_FALSE=''
HAVE_CPU_SPARC_TRUE='#'
HAVE_CPU_X86_64_FALSE=''
HAVE_CPU_X86_64_TRUE='#'
HAVE_CXX='yes'
HAVE_DIRECT3D=''
HAVE_DIRECTDRAW=''
HAVE_DIRECTSHOW=''
HAVE_DIRECTSOUND=''
HAVE_DTS=''
HAVE_EGL_FALSE='#'
HAVE_EGL_TRUE=''
HAVE_FAAC=''
HAVE_FAAD=''
HAVE_FLITE=''
HAVE_GSM=''
HAVE_GST_CHECK_FALSE='#'
HAVE_GST_CHECK_TRUE=''
HAVE_GTK_FALSE=''
HAVE_GTK_TRUE=''
HAVE_IOS_FALSE=''
HAVE_IOS_TRUE=''
HAVE_JASPER=''
HAVE_NAS=''
HAVE_OPENJPEG=''
HAVE_ORCC_FALSE=''
HAVE_ORCC_TRUE=''
HAVE_ORC_FALSE=''
HAVE_ORC_TRUE=''
HAVE_PTHREAD_H_FALSE='#'
HAVE_PTHREAD_H_TRUE=''
HAVE_UNISTD_H_FALSE='#'
HAVE_UNISTD_H_TRUE=''
HAVE_VALGRIND_FALSE=''
HAVE_VALGRIND_TRUE='#'
HAVE_WILDMIDI=''
HAVE_WINSCREENCAP=''
HAVE_X11='yes'
HAVE_X11_FALSE='#'
HAVE_X11_TRUE=''
HAVE_X=''
HTML_DIR='${datadir}/gtk-doc/html'
INSTALL_DATA='${INSTALL} -m 644'
INSTALL_PROGRAM='${INSTALL}'
INSTALL_SCRIPT='${INSTALL}'
INSTALL_STRIP_PROGRAM='$(install_sh) -c -s'
INTLLIBS=''
INTL_MACOSX_LIBS=''
JASPER_LIBS=''
KATE_CFLAGS=''
KATE_LIBS=''
LD='/usr/i686-linux-gnu/bin/ld'
LDFLAGS=''
LIBDC1394_CFLAGS=''
LIBDC1394_LIBS=''
LIBDIR=''
LIBICONV='-liconv'
LIBINTL=''
LIBM='-lm'
LIBMMS_CFLAGS=''
LIBMMS_LIBS=''
LIBOBJS=''
LIBS=''
LIBTOOL='$(SHELL) $(top_builddir)/libtool'
LIBUDEV_CFLAGS=''
LIBUDEV_LIBS=''
LIBUSB_CFLAGS=''
LIBUSB_LIBS=''
LIPO=''
LN_S='ln -s'
LOCALEDIR='/usr/local/share/locale'
LRDF_CFLAGS=''
LRDF_LIBS=''
LTLIBICONV='-liconv'
LTLIBINTL=''
LTLIBOBJS=''
MAINT=''
MAINTAINER_MODE_FALSE='#'
MAINTAINER_MODE_TRUE=''
MAKEINFO='${SHELL} /usr/src/gst-plugins-bad/gst-plugins-bad/missing makeinfo'
MANIFEST_TOOL=':'
MIMIC_CFLAGS=''
MIMIC_LIBS=''
MJPEG_CFLAGS=''
MJPEG_LIBS=''
MKDIR_P='/usr/bin/mkdir -p'
MODPLUG_CFLAGS=''
MODPLUG_LIBS=''
MPEG2ENC_CFLAGS=''
MPEG2ENC_LIBS=''
MPG123_CFLAGS=''
MPG123_LIBS=''
MPLEX_CFLAGS=''
MPLEX_LDFLAGS=''
MPLEX_LIBS=''
MSGFMT='/usr/bin/msgfmt'
MSGFMT_015='/usr/bin/msgfmt'
MSGMERGE='/usr/bin/msgmerge'
MUSEPACK_LIBS=''
MUSICBRAINZ_CFLAGS=''
MUSICBRAINZ_LIBS=''
NAS_CFLAGS=''
NAS_LIBS=''
NEON_CFLAGS=''
NEON_LIBS=''
NM='/usr/bin/nm -B'
NMEDIT=''
OBJC='gcc'
OBJCDEPMODE='depmode=gcc3'
OBJCFLAGS='-g -O2'
OBJDUMP='objdump'
OBJEXT='o'
OFA_CFLAGS=''
OFA_LIBS=''
OPENAL_CFLAGS=''
OPENAL_LIBS=''
OPENCV_CFLAGS=''
OPENCV_LIBS=''
OPENCV_PREFIX=''
OPENJPEG_CFLAGS=''
OPENJPEG_LIBS=''
OPUS_CFLAGS=''
OPUS_LIBS=''
ORCC=''
ORCC_FLAGS=''
ORC_CFLAGS=''
ORC_LIBS=''
OTOOL64=''
OTOOL=''
PACKAGE='gst-plugins-bad'
PACKAGE_BUGREPORT='http://bugzilla.gnome.org/enter_bug.cgi?product=GStreamer'
PACKAGE_NAME='GStreamer Bad Plug-ins'
PACKAGE_STRING='GStreamer Bad Plug-ins 1.0.9'
PACKAGE_TARNAME='gst-plugins-bad'
PACKAGE_URL=''
PACKAGE_VERSION='1.0.9'
PACKAGE_VERSION_MAJOR='1'
PACKAGE_VERSION_MICRO='9'
PACKAGE_VERSION_MINOR='0'
PACKAGE_VERSION_NANO='0'
PACKAGE_VERSION_RELEASE='1'
PATH_SEPARATOR=':'
PKG_CONFIG='/usr/bin/pkg-config'
PLUGINDIR=''
POSUB='po'
PROFILE_CFLAGS=''
PVR_CFLAGS=''
PVR_LIBS=''
PYTHON='/usr/bin/python'
PYTHON_EXEC_PREFIX='${exec_prefix}'
PYTHON_PLATFORM='linux2'
PYTHON_PREFIX='${prefix}'
PYTHON_VERSION='2.7'
RANLIB='ranlib'
RSVG_2_35_0_CFLAGS=''
RSVG_2_35_0_LIBS=''
RSVG_CFLAGS=''
RSVG_LIBS=''
RTMP_CFLAGS=''
RTMP_LIBS=''
SCHRO_CFLAGS=''
SCHRO_LIBS=''
SDL_CFLAGS=''
SDL_CONFIG=''
SDL_LIBS=''
SED='/usr/bin/sed'
SET_MAKE=''
SHELL='/bin/sh'
SHM_LIBS=''
SLV2_CFLAGS=''
SLV2_LIBS=''
SNDFILE_CFLAGS=''
SNDFILE_LIBS=''
SNDIO_LIBS=''
SOUNDTOUCH_CFLAGS=''
SOUNDTOUCH_LIBS=''
SPANDSP_CFLAGS=''
SPANDSP_LIBS=''
SPC_LIBS=''
STRIP='strip'
SWFDEC_CFLAGS=''
SWFDEC_LIBS=''
TELETEXTDEC_CFLAGS=''
TELETEXTDEC_LIBS=''
TIGER_CFLAGS=''
TIGER_LIBS=''
TIMIDITY_CFLAGS=''
TIMIDITY_LIBS=''
USE_ACM_FALSE=''
USE_ACM_TRUE=''
USE_ANDROID_MEDIA_FALSE=''
USE_ANDROID_MEDIA_TRUE=''
USE_APEXSINK_FALSE=''
USE_APEXSINK_TRUE=''
USE_APPLE_MEDIA_FALSE=''
USE_APPLE_MEDIA_TRUE=''
USE_ASSRENDER_FALSE=''
USE_ASSRENDER_TRUE=''
USE_AVC_FALSE=''
USE_AVC_TRUE=''
USE_BZ2_FALSE=''
USE_BZ2_TRUE=''
USE_CDAUDIO_FALSE=''
USE_CDAUDIO_TRUE=''
USE_CELT_FALSE=''
USE_CELT_TRUE=''
USE_CHROMAPRINT_FALSE=''
USE_CHROMAPRINT_TRUE=''
USE_COG_FALSE=''
USE_COG_TRUE=''
USE_CURL_FALSE=''
USE_CURL_TRUE=''
USE_DC1394_FALSE=''
USE_DC1394_TRUE=''
USE_DECKLINK_FALSE=''
USE_DECKLINK_TRUE=''
USE_DIRAC_FALSE=''
USE_DIRAC_TRUE=''
USE_DIRECT3D_FALSE=''
USE_DIRECT3D_TRUE=''
USE_DIRECTDRAW_FALSE=''
USE_DIRECTDRAW_TRUE=''
USE_DIRECTFB_FALSE=''
USE_DIRECTFB_TRUE=''
USE_DIRECTSHOW_FALSE=''
USE_DIRECTSHOW_TRUE=''
USE_DIRECTSOUND_FALSE=''
USE_DIRECTSOUND_TRUE=''
USE_DTS_FALSE=''
USE_DTS_TRUE=''
USE_DVB_FALSE=''
USE_DVB_TRUE=''
USE_EGLGLES_FALSE=''
USE_EGLGLES_TRUE=''
USE_EXIF_FALSE=''
USE_EXIF_TRUE=''
USE_EXPERIMENTAL_FALSE=''
USE_EXPERIMENTAL_TRUE='#'
USE_EXTERNAL_FALSE='#'
USE_EXTERNAL_TRUE=''
USE_FAAC_FALSE=''
USE_FAAC_TRUE=''
USE_FAAD_FALSE=''
USE_FAAD_TRUE=''
USE_FBDEV_FALSE=''
USE_FBDEV_TRUE=''
USE_FLITE_FALSE=''
USE_FLITE_TRUE=''
USE_FLUIDSYNTH_FALSE=''
USE_FLUIDSYNTH_TRUE=''
USE_GME_FALSE=''
USE_GME_TRUE=''
USE_GSETTINGS_FALSE=''
USE_GSETTINGS_TRUE=''
USE_GSM_FALSE=''
USE_GSM_TRUE=''
USE_JASPER_FALSE=''
USE_JASPER_TRUE=''
USE_KATE_FALSE=''
USE_KATE_TRUE=''
USE_LADSPA_FALSE=''
USE_LADSPA_TRUE=''
USE_LIBMMS_FALSE=''
USE_LIBMMS_TRUE=''
USE_LINSYS_FALSE=''
USE_LINSYS_TRUE=''
USE_LV2_FALSE=''
USE_LV2_TRUE=''
USE_MIMIC_FALSE=''
USE_MIMIC_TRUE=''
USE_MODPLUG_FALSE=''
USE_MODPLUG_TRUE=''
USE_MPEG2ENC_FALSE=''
USE_MPEG2ENC_TRUE=''
USE_MPG123_FALSE=''
USE_MPG123_TRUE=''
USE_MPLEX_FALSE=''
USE_MPLEX_TRUE=''
USE_MUSEPACK_FALSE=''
USE_MUSEPACK_TRUE=''
USE_MUSICBRAINZ_FALSE=''
USE_MUSICBRAINZ_TRUE=''
USE_MYTHTV_FALSE=''
USE_MYTHTV_TRUE=''
USE_NAS_FALSE=''
USE_NAS_TRUE=''
USE_NEON_FALSE=''
USE_NEON_TRUE=''
USE_NLS='yes'
USE_OFA_FALSE=''
USE_OFA_TRUE=''
USE_OPENAL_FALSE=''
USE_OPENAL_TRUE=''
USE_OPENCV_FALSE=''
USE_OPENCV_TRUE=''
USE_OPENJPEG_FALSE=''
USE_OPENJPEG_TRUE=''
USE_OPENSLES_FALSE=''
USE_OPENSLES_TRUE=''
USE_OPUS_FALSE=''
USE_OPUS_TRUE=''
USE_OSX_VIDEO_FALSE=''
USE_OSX_VIDEO_TRUE=''
USE_PLUGIN_ADPCMDEC_FALSE=''
USE_PLUGIN_ADPCMDEC_TRUE=''
USE_PLUGIN_ADPCMENC_FALSE=''
USE_PLUGIN_ADPCMENC_TRUE=''
USE_PLUGIN_AIFF_FALSE=''
USE_PLUGIN_AIFF_TRUE=''
USE_PLUGIN_ASFMUX_FALSE=''
USE_PLUGIN_ASFMUX_TRUE=''
USE_PLUGIN_AUDIOVISUALIZERS_FALSE=''
USE_PLUGIN_AUDIOVISUALIZERS_TRUE=''
USE_PLUGIN_AUTOCONVERT_FALSE=''
USE_PLUGIN_AUTOCONVERT_TRUE=''
USE_PLUGIN_BAYER_FALSE=''
USE_PLUGIN_BAYER_TRUE=''
USE_PLUGIN_CAMERABIN2_FALSE=''
USE_PLUGIN_CAMERABIN2_TRUE=''
USE_PLUGIN_CDXAPARSE_FALSE=''
USE_PLUGIN_CDXAPARSE_TRUE=''
USE_PLUGIN_COLOREFFECTS_FALSE=''
USE_PLUGIN_COLOREFFECTS_TRUE=''
USE_PLUGIN_DATAURISRC_FALSE=''
USE_PLUGIN_DATAURISRC_TRUE=''
USE_PLUGIN_DCCP_FALSE=''
USE_PLUGIN_DCCP_TRUE=''
USE_PLUGIN_DEBUGUTILS_FALSE=''
USE_PLUGIN_DEBUGUTILS_TRUE=''
USE_PLUGIN_DTMF_FALSE=''
USE_PLUGIN_DTMF_TRUE=''
USE_PLUGIN_DVBSUBOVERLAY_FALSE=''
USE_PLUGIN_DVBSUBOVERLAY_TRUE=''
USE_PLUGIN_DVDSPU_FALSE=''
USE_PLUGIN_DVDSPU_TRUE=''
USE_PLUGIN_FACEOVERLAY_FALSE=''
USE_PLUGIN_FACEOVERLAY_TRUE=''
USE_PLUGIN_FESTIVAL_FALSE=''
USE_PLUGIN_FESTIVAL_TRUE=''
USE_PLUGIN_FIELDANALYSIS_FALSE=''
USE_PLUGIN_FIELDANALYSIS_TRUE=''
USE_PLUGIN_FREEVERB_FALSE=''
USE_PLUGIN_FREEVERB_TRUE=''
USE_PLUGIN_FREI0R_FALSE=''
USE_PLUGIN_FREI0R_TRUE=''
USE_PLUGIN_GAUDIEFFECTS_FALSE=''
USE_PLUGIN_GAUDIEFFECTS_TRUE=''
USE_PLUGIN_GDP_FALSE=''
USE_PLUGIN_GDP_TRUE=''
USE_PLUGIN_GEOMETRICTRANSFORM_FALSE=''
USE_PLUGIN_GEOMETRICTRANSFORM_TRUE=''
USE_PLUGIN_HDVPARSE_FALSE=''
USE_PLUGIN_HDVPARSE_TRUE=''
USE_PLUGIN_HLS_FALSE=''
USE_PLUGIN_HLS_TRUE=''
USE_PLUGIN_ID3TAG_FALSE=''
USE_PLUGIN_ID3TAG_TRUE=''
USE_PLUGIN_INTERLACE_FALSE=''
USE_PLUGIN_INTERLACE_TRUE=''
USE_PLUGIN_INTER_FALSE=''
USE_PLUGIN_INTER_TRUE=''
USE_PLUGIN_IVFPARSE_FALSE=''
USE_PLUGIN_IVFPARSE_TRUE=''
USE_PLUGIN_JP2KDECIMATOR_FALSE=''
USE_PLUGIN_JP2KDECIMATOR_TRUE=''
USE_PLUGIN_JPEGFORMAT_FALSE=''
USE_PLUGIN_JPEGFORMAT_TRUE=''
USE_PLUGIN_LIBRFB_FALSE=''
USE_PLUGIN_LIBRFB_TRUE=''
USE_PLUGIN_LIVEADDER_FALSE=''
USE_PLUGIN_LIVEADDER_TRUE=''
USE_PLUGIN_MIDI_FALSE=''
USE_PLUGIN_MIDI_TRUE=''
USE_PLUGIN_MPEGDEMUX_FALSE=''
USE_PLUGIN_MPEGDEMUX_TRUE=''
USE_PLUGIN_MPEGPSMUX_FALSE=''
USE_PLUGIN_MPEGPSMUX_TRUE=''
USE_PLUGIN_MPEGTSDEMUX_FALSE=''
USE_PLUGIN_MPEGTSDEMUX_TRUE=''
USE_PLUGIN_MPEGTSMUX_FALSE=''
USE_PLUGIN_MPEGTSMUX_TRUE=''
USE_PLUGIN_MVE_FALSE=''
USE_PLUGIN_MVE_TRUE=''
USE_PLUGIN_MXF_FALSE=''
USE_PLUGIN_MXF_TRUE=''
USE_PLUGIN_NSF_FALSE=''
USE_PLUGIN_NSF_TRUE=''
USE_PLUGIN_NUVDEMUX_FALSE=''
USE_PLUGIN_NUVDEMUX_TRUE=''
USE_PLUGIN_PATCHDETECT_FALSE=''
USE_PLUGIN_PATCHDETECT_TRUE=''
USE_PLUGIN_PCAPPARSE_FALSE=''
USE_PLUGIN_PCAPPARSE_TRUE=''
USE_PLUGIN_PNM_FALSE=''
USE_PLUGIN_PNM_TRUE=''
USE_PLUGIN_RAWPARSE_FALSE=''
USE_PLUGIN_RAWPARSE_TRUE=''
USE_PLUGIN_REAL_FALSE=''
USE_PLUGIN_REAL_TRUE=''
USE_PLUGIN_REMOVESILENCE_FALSE=''
USE_PLUGIN_REMOVESILENCE_TRUE=''
USE_PLUGIN_RTPMUX_FALSE=''
USE_PLUGIN_RTPMUX_TRUE=''
USE_PLUGIN_RTPVP8_FALSE=''
USE_PLUGIN_RTPVP8_TRUE=''
USE_PLUGIN_SCALETEMPO_FALSE=''
USE_PLUGIN_SCALETEMPO_TRUE=''
USE_PLUGIN_SDI_FALSE=''
USE_PLUGIN_SDI_TRUE=''
USE_PLUGIN_SDP_FALSE=''
USE_PLUGIN_SDP_TRUE=''
USE_PLUGIN_SEGMENTCLIP_FALSE=''
USE_PLUGIN_SEGMENTCLIP_TRUE=''
USE_PLUGIN_SIREN_FALSE=''
USE_PLUGIN_SIREN_TRUE=''
USE_PLUGIN_SMOOTH_FALSE=''
USE_PLUGIN_SMOOTH_TRUE=''
USE_PLUGIN_SPEED_FALSE=''
USE_PLUGIN_SPEED_TRUE=''
USE_PLUGIN_STEREO_FALSE=''
USE_PLUGIN_STEREO_TRUE=''
USE_PLUGIN_SUBENC_FALSE=''
USE_PLUGIN_SUBENC_TRUE=''
USE_PLUGIN_TTA_FALSE=''
USE_PLUGIN_TTA_TRUE=''
USE_PLUGIN_VIDEOFILTERS_FALSE=''
USE_PLUGIN_VIDEOFILTERS_TRUE=''
USE_PLUGIN_VIDEOMEASURE_FALSE=''
USE_PLUGIN_VIDEOMEASURE_TRUE=''
USE_PLUGIN_VIDEOPARSERS_FALSE=''
USE_PLUGIN_VIDEOPARSERS_TRUE=''
USE_PLUGIN_VIDEOSIGNAL_FALSE=''
USE_PLUGIN_VIDEOSIGNAL_TRUE=''
USE_PLUGIN_VMNC_FALSE=''
USE_PLUGIN_VMNC_TRUE=''
USE_PLUGIN_Y4M_FALSE=''
USE_PLUGIN_Y4M_TRUE=''
USE_PVR_FALSE=''
USE_PVR_TRUE=''
USE_QUICKTIME_FALSE=''
USE_QUICKTIME_TRUE=''
USE_RESINDVD_FALSE=''
USE_RESINDVD_TRUE=''
USE_RSVG_FALSE=''
USE_RSVG_TRUE=''
USE_RTMP_FALSE=''
USE_RTMP_TRUE=''
USE_SCHRO_FALSE=''
USE_SCHRO_TRUE=''
USE_SDL_FALSE=''
USE_SDL_TRUE=''
USE_SHM_FALSE=''
USE_SHM_TRUE=''
USE_SNDFILE_FALSE=''
USE_SNDFILE_TRUE=''
USE_SNDIO_FALSE=''
USE_SNDIO_TRUE=''
USE_SOUNDTOUCH_FALSE=''
USE_SOUNDTOUCH_TRUE=''
USE_SPANDSP_FALSE=''
USE_SPANDSP_TRUE=''
USE_SPC_FALSE=''
USE_SPC_TRUE=''
USE_SWFDEC_FALSE=''
USE_SWFDEC_TRUE=''
USE_TELETEXTDEC_FALSE=''
USE_TELETEXTDEC_TRUE=''
USE_TIGER_FALSE=''
USE_TIGER_TRUE=''
USE_TIMIDITY_FALSE=''
USE_TIMIDITY_TRUE=''
USE_UVCH264_FALSE=''
USE_UVCH264_TRUE=''
USE_VCD_FALSE=''
USE_VCD_TRUE=''
USE_VDPAU_FALSE=''
USE_VDPAU_TRUE=''
USE_VOAACENC_FALSE=''
USE_VOAACENC_TRUE=''
USE_VOAMRWBENC_FALSE=''
USE_VOAMRWBENC_TRUE=''
USE_WAYLAND_FALSE=''
USE_WAYLAND_TRUE=''
USE_WILDMIDI_FALSE=''
USE_WILDMIDI_TRUE=''
USE_WININET_FALSE=''
USE_WININET_TRUE=''
USE_WINSCREENCAP_FALSE=''
USE_WINSCREENCAP_TRUE=''
USE_XVID_FALSE=''
USE_XVID_TRUE=''
USE_ZBAR_FALSE=''
USE_ZBAR_TRUE=''
VALGRIND_CFLAGS=''
VALGRIND_LIBS=''
VALGRIND_PATH='no'
VDPAU_CFLAGS=''
VDPAU_LIBS=''
VERSION='1.0.9'
VOAACENC_CFLAGS=''
VOAACENC_LIBS=''
VOAMRWBENC_CFLAGS=''
VOAMRWBENC_LIBS=''
WARNING_CFLAGS=''
WARNING_CXXFLAGS=''
WARNING_OBJCFLAGS=''
WAYLAND_CFLAGS=''
WAYLAND_LIBS=''
WILDMIDI_CFLAGS=''
WILDMIDI_LIBS=''
WINSCREENCAP_LIBS=''
WINSOCK2_LIBS=''
X11_CFLAGS='-I/usr/X11R7/include  '
X11_LIBS='-L/usr/X11R7/lib -lX11  '
XGETTEXT='/usr/bin/xgettext'
XGETTEXT_015='/usr/bin/xgettext'
XGETTEXT_EXTRA_OPTIONS=''
XMKMF=''
XVID_LIBS=''
X_CFLAGS=''
X_EXTRA_LIBS=''
X_LIBS=''
X_PRE_LIBS=''
ZBAR_CFLAGS=''
ZBAR_LIBS=''
ac_ct_AR='ar'
ac_ct_CC='gcc'
ac_ct_CXX='g++'
ac_ct_DUMPBIN=''
ac_ct_OBJC='gcc'
am__EXEEXT_FALSE=''
am__EXEEXT_TRUE=''
am__fastdepCC_FALSE='#'
am__fastdepCC_TRUE=''
am__fastdepCXX_FALSE='#'
am__fastdepCXX_TRUE=''
am__fastdepOBJC_FALSE='#'
am__fastdepOBJC_TRUE=''
am__include='include'
am__isrc=''
am__leading_dot='.'
am__nodep='_no'
am__quote=''
am__tar='tar --format=ustar -chf - "$$tardir"'
am__untar='tar -xf -'
bindir='${exec_prefix}/bin'
build='i686-pc-linux-gnu'
build_alias=''
build_cpu='i686'
build_os='linux-gnu'
build_vendor='pc'
datadir='${datarootdir}'
datarootdir='${prefix}/share'
docdir='${datarootdir}/doc/${PACKAGE_TARNAME}'
dvidir='${docdir}'
exec_prefix='NONE'
gsettingsschemadir=''
host='i686-pc-linux-gnu'
host_alias=''
host_cpu='i686'
host_os='linux-gnu'
host_vendor='pc'
htmldir='${docdir}'
includedir='${prefix}/include'
infodir='${datarootdir}/info'
install_sh='${SHELL} /usr/src/gst-plugins-bad/gst-plugins-bad/install-sh'
libdir='${exec_prefix}/lib'
libexecdir='${exec_prefix}/libexec'
localedir='${datarootdir}/locale'
localstatedir='${prefix}/var'
mandir='${datarootdir}/man'
mkdir_p='/usr/bin/mkdir -p'
oldincludedir='/usr/include'
pdfdir='${docdir}'
pkgpyexecdir='${pyexecdir}/gst-plugins-bad'
pkgpythondir='${pythondir}/gst-plugins-bad'
plugindir=''
prefix='NONE'
program_transform_name='s,x,x,'
psdir='${docdir}'
pyexecdir='${exec_prefix}/lib/python2.7/site-packages'
pythondir='${prefix}/lib/python2.7/site-packages'
sbindir='${exec_prefix}/sbin'
sharedstatedir='${prefix}/com'
sysconfdir='${prefix}/etc'
target='i686-pc-linux-gnu'
target_alias=''
target_cpu='i686'
target_os='linux-gnu'
target_vendor='pc'

## ----------- ##
## confdefs.h. ##
## ----------- ##

/* confdefs.h */
#define PACKAGE_NAME "GStreamer Bad Plug-ins"
#define PACKAGE_TARNAME "gst-plugins-bad"
#define PACKAGE_VERSION "1.0.9"
#define PACKAGE_STRING "GStreamer Bad Plug-ins 1.0.9"
#define PACKAGE_BUGREPORT "http://bugzilla.gnome.org/enter_bug.cgi?product=GStreamer"
#define PACKAGE_URL ""
#define PACKAGE "gst-plugins-bad"
#define VERSION "1.0.9"
#define GST_API_VERSION "1.0"
#define STDC_HEADERS 1
#define HAVE_SYS_TYPES_H 1
#define HAVE_SYS_STAT_H 1
#define HAVE_STDLIB_H 1
#define HAVE_STRING_H 1
#define HAVE_MEMORY_H 1
#define HAVE_STRINGS_H 1
#define HAVE_INTTYPES_H 1
#define HAVE_STDINT_H 1
#define HAVE_UNISTD_H 1
#define HAVE_DLFCN_H 1
#define LT_OBJDIR ".libs/"
#define ENABLE_NLS 1
#define HAVE_GETTEXT 1
#define HAVE_DCGETTEXT 1
#define GETTEXT_PACKAGE "gst-plugins-bad-1.0"
#define LOCALEDIR "/usr/local/share/locale"
#define GST_PACKAGE_NAME "GStreamer Bad Plug-ins source release"
#define GST_PACKAGE_ORIGIN "Unknown package origin"
#define HAVE_EXTERNAL /**/
#define HAVE_CPU_I386 1
#define HAVE_RDTSC 1
#define HOST_CPU "i686"
#define TARGET_CPU "i686"
#define HAVE_DOWHILE_MACROS 1
#define HAVE_STDLIB_H 1
#define HAVE_UNISTD_H 1
#define HAVE_SYS_PARAM_H 1
#define HAVE_GETPAGESIZE 1
#define HAVE_MMAP 1
#define HAVE_UNISTD_H 1
#define HAVE_SYS_TIME_H 1
#define HAVE_PTHREAD_H 1
#define HAVE_X11 1
#define USE_EGL_X11 1
#define HAVE_FIONREAD_IN_SYS_IOCTL 1
#define HAVE_GMTIME_R 1
#define HAVE_SYS_UTSNAME_H 1
#define GIO_MODULE_DIR "/usr/lib/gio/modules"
#define GIO_LIBDIR "/usr/lib"

configure: exit 1
